This file contains any messages produced by compilers while
running configure, to aid debugging if configure makes a mistake.

It was created by SHOC configure 1.0, which was
generated by GNU Autoconf 2.65.  Invocation command line was

  $ ./configure CPPFLAGS=-I/usr/local/cuda/include --with-cuda --with-opencl

## --------- ##
## Platform. ##
## --------- ##

hostname = gpu0031
uname -m = x86_64
uname -r = 2.6.18-194.el5
uname -s = Linux
uname -v = #1 SMP Fri Apr 2 14:58:14 EDT 2010

/usr/bin/uname -p = unknown
/bin/uname -X     = unknown

/bin/arch              = x86_64
/usr/bin/arch -k       = unknown
/usr/convex/getsysinfo = unknown
/usr/bin/hostinfo      = unknown
/bin/machine           = unknown
/usr/bin/oslevel       = unknown
/bin/universe          = unknown

PATH: /home/scxiao/software/mvapich2-install/bin
PATH: /usr/kerberos/bin
PATH: /usr/local/bin
PATH: /bin
PATH: /usr/bin
PATH: /opt/bin
PATH: /usr/local/mpich/bin
PATH: /usr/local/cuda/bin/
PATH: /home/scxiao/bin


## ----------- ##
## Core tests. ##
## ----------- ##

configure:2247: checking build system type
configure:2261: result: x86_64-unknown-linux-gnu
configure:2281: checking host system type
configure:2294: result: x86_64-unknown-linux-gnu
configure:2383: checking for g++
configure:2399: found /usr/bin/g++
configure:2410: result: g++
configure:2437: checking for C++ compiler version
configure:2446: g++ --version >&5
g++ (GCC) 4.1.2 20080704 (Red Hat 4.1.2-48)
Copyright (C) 2006 Free Software Foundation, Inc.
This is free software; see the source for copying conditions.  There is NO
warranty; not even for MERCHANTABILITY or FITNESS FOR A PARTICULAR PURPOSE.

configure:2457: $? = 0
configure:2446: g++ -v >&5
Using built-in specs.
Target: x86_64-redhat-linux
Configured with: ../configure --prefix=/usr --mandir=/usr/share/man --infodir=/usr/share/info --enable-shared --enable-threads=posix --enable-checking=release --with-system-zlib --enable-__cxa_atexit --disable-libunwind-exceptions --enable-libgcj-multifile --enable-languages=c,c++,objc,obj-c++,java,fortran,ada --enable-java-awt=gtk --disable-dssi --enable-plugin --with-java-home=/usr/lib/jvm/java-1.4.2-gcj-1.4.2.0/jre --with-cpu=generic --host=x86_64-redhat-linux
Thread model: posix
gcc version 4.1.2 20080704 (Red Hat 4.1.2-48)
configure:2457: $? = 0
configure:2446: g++ -V >&5
g++: '-V' option must have argument
configure:2457: $? = 1
configure:2446: g++ -qversion >&5
g++: unrecognized option '-qversion'
g++: no input files
configure:2457: $? = 1
configure:2477: checking whether the C++ compiler works
configure:2499: g++  -I/usr/local/cuda/include  conftest.cpp  >&5
configure:2503: $? = 0
configure:2552: result: yes
configure:2555: checking for C++ compiler default output file name
configure:2557: result: a.out
configure:2563: checking for suffix of executables
configure:2570: g++ -o conftest  -I/usr/local/cuda/include  conftest.cpp  >&5
configure:2574: $? = 0
configure:2596: result: 
configure:2618: checking whether we are cross compiling
configure:2626: g++ -o conftest  -I/usr/local/cuda/include  conftest.cpp  >&5
configure:2630: $? = 0
configure:2637: ./conftest
configure:2641: $? = 0
configure:2656: result: no
configure:2661: checking for suffix of object files
configure:2683: g++ -c  -I/usr/local/cuda/include conftest.cpp >&5
configure:2687: $? = 0
configure:2708: result: o
configure:2712: checking whether we are using the GNU C++ compiler
configure:2731: g++ -c  -I/usr/local/cuda/include conftest.cpp >&5
configure:2731: $? = 0
configure:2740: result: yes
configure:2749: checking whether g++ accepts -g
configure:2769: g++ -c -g -I/usr/local/cuda/include conftest.cpp >&5
configure:2769: $? = 0
configure:2810: result: yes
configure:2881: checking for gcc
configure:2897: found /usr/bin/gcc
configure:2908: result: gcc
configure:3137: checking for C compiler version
configure:3146: gcc --version >&5
gcc (GCC) 4.1.2 20080704 (Red Hat 4.1.2-48)
Copyright (C) 2006 Free Software Foundation, Inc.
This is free software; see the source for copying conditions.  There is NO
warranty; not even for MERCHANTABILITY or FITNESS FOR A PARTICULAR PURPOSE.

configure:3157: $? = 0
configure:3146: gcc -v >&5
Using built-in specs.
Target: x86_64-redhat-linux
Configured with: ../configure --prefix=/usr --mandir=/usr/share/man --infodir=/usr/share/info --enable-shared --enable-threads=posix --enable-checking=release --with-system-zlib --enable-__cxa_atexit --disable-libunwind-exceptions --enable-libgcj-multifile --enable-languages=c,c++,objc,obj-c++,java,fortran,ada --enable-java-awt=gtk --disable-dssi --enable-plugin --with-java-home=/usr/lib/jvm/java-1.4.2-gcj-1.4.2.0/jre --with-cpu=generic --host=x86_64-redhat-linux
Thread model: posix
gcc version 4.1.2 20080704 (Red Hat 4.1.2-48)
configure:3157: $? = 0
configure:3146: gcc -V >&5
gcc: '-V' option must have argument
configure:3157: $? = 1
configure:3146: gcc -qversion >&5
gcc: unrecognized option '-qversion'
gcc: no input files
configure:3157: $? = 1
configure:3161: checking whether we are using the GNU C compiler
configure:3180: gcc -c  -I/usr/local/cuda/include conftest.c >&5
configure:3180: $? = 0
configure:3189: result: yes
configure:3198: checking whether gcc accepts -g
configure:3218: gcc -c -g -I/usr/local/cuda/include conftest.c >&5
configure:3218: $? = 0
configure:3259: result: yes
configure:3276: checking for gcc option to accept ISO C89
configure:3340: gcc  -c -g -O2 -I/usr/local/cuda/include conftest.c >&5
configure:3340: $? = 0
configure:3353: result: none needed
configure:3416: checking for ranlib
configure:3432: found /usr/bin/ranlib
configure:3443: result: ranlib
configure:3467: checking for ar
configure:3485: found /usr/bin/ar
configure:3497: result: /usr/bin/ar
configure:3507: checking for perl
configure:3525: found /usr/bin/perl
configure:3537: result: /usr/bin/perl
configure:3610: checking how to run the C++ preprocessor
configure:3637: g++ -E -I/usr/local/cuda/include conftest.cpp
configure:3637: $? = 0
configure:3651: g++ -E -I/usr/local/cuda/include conftest.cpp
conftest.cpp:9:28: error: ac_nonexistent.h: No such file or directory
configure:3651: $? = 1
configure: failed program was:
| /* confdefs.h */
| #define PACKAGE_NAME "SHOC"
| #define PACKAGE_TARNAME "shoc"
| #define PACKAGE_VERSION "1.0"
| #define PACKAGE_STRING "SHOC 1.0"
| #define PACKAGE_BUGREPORT "shoc-help@email.ornl.gov"
| #define PACKAGE_URL ""
| /* end confdefs.h.  */
| #include <ac_nonexistent.h>
configure:3676: result: g++ -E
configure:3696: g++ -E -I/usr/local/cuda/include conftest.cpp
configure:3696: $? = 0
configure:3710: g++ -E -I/usr/local/cuda/include conftest.cpp
conftest.cpp:9:28: error: ac_nonexistent.h: No such file or directory
configure:3710: $? = 1
configure: failed program was:
| /* confdefs.h */
| #define PACKAGE_NAME "SHOC"
| #define PACKAGE_TARNAME "shoc"
| #define PACKAGE_VERSION "1.0"
| #define PACKAGE_STRING "SHOC 1.0"
| #define PACKAGE_BUGREPORT "shoc-help@email.ornl.gov"
| #define PACKAGE_URL ""
| /* end confdefs.h.  */
| #include <ac_nonexistent.h>
configure:3739: checking for grep that handles long lines and -e
configure:3797: result: /bin/grep
configure:3802: checking for egrep
configure:3864: result: /bin/grep -E
configure:3869: checking for ANSI C header files
configure:3889: g++ -c -m64 -g -O2 -I/usr/local/cuda/include conftest.cpp >&5
configure:3889: $? = 0
configure:3962: g++ -o conftest -m64 -g -O2 -I/usr/local/cuda/include  conftest.cpp  -lrt >&5
configure:3962: $? = 0
configure:3962: ./conftest
configure:3962: $? = 0
configure:3973: result: yes
configure:3986: checking for sys/types.h
configure:3986: g++ -c -m64 -g -O2 -I/usr/local/cuda/include conftest.cpp >&5
configure:3986: $? = 0
configure:3986: result: yes
configure:3986: checking for sys/stat.h
configure:3986: g++ -c -m64 -g -O2 -I/usr/local/cuda/include conftest.cpp >&5
configure:3986: $? = 0
configure:3986: result: yes
configure:3986: checking for stdlib.h
configure:3986: g++ -c -m64 -g -O2 -I/usr/local/cuda/include conftest.cpp >&5
configure:3986: $? = 0
configure:3986: result: yes
configure:3986: checking for string.h
configure:3986: g++ -c -m64 -g -O2 -I/usr/local/cuda/include conftest.cpp >&5
configure:3986: $? = 0
configure:3986: result: yes
configure:3986: checking for memory.h
configure:3986: g++ -c -m64 -g -O2 -I/usr/local/cuda/include conftest.cpp >&5
configure:3986: $? = 0
configure:3986: result: yes
configure:3986: checking for strings.h
configure:3986: g++ -c -m64 -g -O2 -I/usr/local/cuda/include conftest.cpp >&5
configure:3986: $? = 0
configure:3986: result: yes
configure:3986: checking for inttypes.h
configure:3986: g++ -c -m64 -g -O2 -I/usr/local/cuda/include conftest.cpp >&5
configure:3986: $? = 0
configure:3986: result: yes
configure:3986: checking for stdint.h
configure:3986: g++ -c -m64 -g -O2 -I/usr/local/cuda/include conftest.cpp >&5
configure:3986: $? = 0
configure:3986: result: yes
configure:3986: checking for unistd.h
configure:3986: g++ -c -m64 -g -O2 -I/usr/local/cuda/include conftest.cpp >&5
configure:3986: $? = 0
configure:3986: result: yes
configure:4001: checking for working alloca.h
configure:4018: g++ -o conftest -m64 -g -O2 -I/usr/local/cuda/include  conftest.cpp  -lrt >&5
configure:4018: $? = 0
configure:4026: result: yes
configure:4034: checking for alloca
configure:4071: g++ -o conftest -m64 -g -O2 -I/usr/local/cuda/include  conftest.cpp  -lrt >&5
configure:4071: $? = 0
configure:4079: result: yes
configure:4192: checking float.h usability
configure:4192: g++ -c -m64 -g -O2 -I/usr/local/cuda/include conftest.cpp >&5
configure:4192: $? = 0
configure:4192: result: yes
configure:4192: checking float.h presence
configure:4192: g++ -E -I/usr/local/cuda/include conftest.cpp
configure:4192: $? = 0
configure:4192: result: yes
configure:4192: checking for float.h
configure:4192: result: yes
configure:4192: checking for stdlib.h
configure:4192: result: yes
configure:4192: checking for string.h
configure:4192: result: yes
configure:4192: checking sys/time.h usability
configure:4192: g++ -c -m64 -g -O2 -I/usr/local/cuda/include conftest.cpp >&5
configure:4192: $? = 0
configure:4192: result: yes
configure:4192: checking sys/time.h presence
configure:4192: g++ -E -I/usr/local/cuda/include conftest.cpp
configure:4192: $? = 0
configure:4192: result: yes
configure:4192: checking for sys/time.h
configure:4192: result: yes
configure:4192: checking sys/timeb.h usability
configure:4192: g++ -c -m64 -g -O2 -I/usr/local/cuda/include conftest.cpp >&5
configure:4192: $? = 0
configure:4192: result: yes
configure:4192: checking sys/timeb.h presence
configure:4192: g++ -E -I/usr/local/cuda/include conftest.cpp
configure:4192: $? = 0
configure:4192: result: yes
configure:4192: checking for sys/timeb.h
configure:4192: result: yes
configure:4192: checking for unistd.h
configure:4192: result: yes
configure:4205: checking for stdbool.h that conforms to C99
configure:4290: g++ -c -m64 -g -O2 -I/usr/local/cuda/include conftest.cpp >&5
configure:4290: $? = 0
configure:4297: result: yes
configure:4299: checking for _Bool
configure:4299: g++ -c -m64 -g -O2 -I/usr/local/cuda/include conftest.cpp >&5
conftest.cpp: In function 'int main()':
conftest.cpp:63: error: '_Bool' was not declared in this scope
configure:4299: $? = 1
configure: failed program was:
| /* confdefs.h */
| #define PACKAGE_NAME "SHOC"
| #define PACKAGE_TARNAME "shoc"
| #define PACKAGE_VERSION "1.0"
| #define PACKAGE_STRING "SHOC 1.0"
| #define PACKAGE_BUGREPORT "shoc-help@email.ornl.gov"
| #define PACKAGE_URL ""
| #define STDC_HEADERS 1
| #define HAVE_SYS_TYPES_H 1
| #define HAVE_SYS_STAT_H 1
| #define HAVE_STDLIB_H 1
| #define HAVE_STRING_H 1
| #define HAVE_MEMORY_H 1
| #define HAVE_STRINGS_H 1
| #define HAVE_INTTYPES_H 1
| #define HAVE_STDINT_H 1
| #define HAVE_UNISTD_H 1
| #define HAVE_ALLOCA_H 1
| #define HAVE_ALLOCA 1
| #define HAVE_FLOAT_H 1
| #define HAVE_STDLIB_H 1
| #define HAVE_STRING_H 1
| #define HAVE_SYS_TIME_H 1
| #define HAVE_SYS_TIMEB_H 1
| #define HAVE_UNISTD_H 1
| /* end confdefs.h.  */
| #include <stdio.h>
| #ifdef HAVE_SYS_TYPES_H
| # include <sys/types.h>
| #endif
| #ifdef HAVE_SYS_STAT_H
| # include <sys/stat.h>
| #endif
| #ifdef STDC_HEADERS
| # include <stdlib.h>
| # include <stddef.h>
| #else
| # ifdef HAVE_STDLIB_H
| #  include <stdlib.h>
| # endif
| #endif
| #ifdef HAVE_STRING_H
| # if !defined STDC_HEADERS && defined HAVE_MEMORY_H
| #  include <memory.h>
| # endif
| # include <string.h>
| #endif
| #ifdef HAVE_STRINGS_H
| # include <strings.h>
| #endif
| #ifdef HAVE_INTTYPES_H
| # include <inttypes.h>
| #endif
| #ifdef HAVE_STDINT_H
| # include <stdint.h>
| #endif
| #ifdef HAVE_UNISTD_H
| # include <unistd.h>
| #endif
| int
| main ()
| {
| if (sizeof (_Bool))
| 	 return 0;
|   ;
|   return 0;
| }
configure:4299: result: no
configure:4315: checking for inline
configure:4331: g++ -c -m64 -g -O2 -I/usr/local/cuda/include conftest.cpp >&5
configure:4331: $? = 0
configure:4339: result: inline
configure:4357: checking for C/C++ restrict keyword
configure:4382: g++ -c -m64 -g -O2 -I/usr/local/cuda/include conftest.cpp >&5
configure:4382: $? = 0
configure:4390: result: __restrict
configure:4403: checking for size_t
configure:4403: g++ -c -m64 -g -O2 -I/usr/local/cuda/include conftest.cpp >&5
configure:4403: $? = 0
configure:4403: g++ -c -m64 -g -O2 -I/usr/local/cuda/include conftest.cpp >&5
conftest.cpp: In function 'int main()':
conftest.cpp:65: error: expected primary-expression before ')' token
configure:4403: $? = 1
configure: failed program was:
| /* confdefs.h */
| #define PACKAGE_NAME "SHOC"
| #define PACKAGE_TARNAME "shoc"
| #define PACKAGE_VERSION "1.0"
| #define PACKAGE_STRING "SHOC 1.0"
| #define PACKAGE_BUGREPORT "shoc-help@email.ornl.gov"
| #define PACKAGE_URL ""
| #define STDC_HEADERS 1
| #define HAVE_SYS_TYPES_H 1
| #define HAVE_SYS_STAT_H 1
| #define HAVE_STDLIB_H 1
| #define HAVE_STRING_H 1
| #define HAVE_MEMORY_H 1
| #define HAVE_STRINGS_H 1
| #define HAVE_INTTYPES_H 1
| #define HAVE_STDINT_H 1
| #define HAVE_UNISTD_H 1
| #define HAVE_ALLOCA_H 1
| #define HAVE_ALLOCA 1
| #define HAVE_FLOAT_H 1
| #define HAVE_STDLIB_H 1
| #define HAVE_STRING_H 1
| #define HAVE_SYS_TIME_H 1
| #define HAVE_SYS_TIMEB_H 1
| #define HAVE_UNISTD_H 1
| #define HAVE_STDBOOL_H 1
| #define restrict __restrict
| /* end confdefs.h.  */
| #include <stdio.h>
| #ifdef HAVE_SYS_TYPES_H
| # include <sys/types.h>
| #endif
| #ifdef HAVE_SYS_STAT_H
| # include <sys/stat.h>
| #endif
| #ifdef STDC_HEADERS
| # include <stdlib.h>
| # include <stddef.h>
| #else
| # ifdef HAVE_STDLIB_H
| #  include <stdlib.h>
| # endif
| #endif
| #ifdef HAVE_STRING_H
| # if !defined STDC_HEADERS && defined HAVE_MEMORY_H
| #  include <memory.h>
| # endif
| # include <string.h>
| #endif
| #ifdef HAVE_STRINGS_H
| # include <strings.h>
| #endif
| #ifdef HAVE_INTTYPES_H
| # include <inttypes.h>
| #endif
| #ifdef HAVE_STDINT_H
| # include <stdint.h>
| #endif
| #ifdef HAVE_UNISTD_H
| # include <unistd.h>
| #endif
| int
| main ()
| {
| if (sizeof ((size_t)))
| 	    return 0;
|   ;
|   return 0;
| }
configure:4403: result: yes
configure:4416: checking for error_at_line
configure:4432: g++ -o conftest -m64 -g -O2 -I/usr/local/cuda/include  conftest.cpp  -lrt >&5
configure:4432: $? = 0
configure:4440: result: yes
configure:4453: checking for stdlib.h
configure:4453: result: yes
configure:4463: checking for GNU libc compatible malloc
configure:4487: g++ -o conftest -m64 -g -O2 -I/usr/local/cuda/include  conftest.cpp  -lrt >&5
configure:4487: $? = 0
configure:4487: ./conftest
configure:4487: $? = 0
configure:4497: result: yes
configure:4521: checking for clock_gettime
configure:4521: g++ -o conftest -m64 -g -O2 -I/usr/local/cuda/include  conftest.cpp  -lrt >&5
configure:4521: $? = 0
configure:4521: result: yes
configure:4521: checking for floor
configure:4521: g++ -o conftest -m64 -g -O2 -I/usr/local/cuda/include  conftest.cpp  -lrt >&5
configure:4521: $? = 0
configure:4521: result: yes
configure:4521: checking for gethostname
configure:4521: g++ -o conftest -m64 -g -O2 -I/usr/local/cuda/include  conftest.cpp  -lrt >&5
configure:4521: $? = 0
configure:4521: result: yes
configure:4521: checking for gettimeofday
configure:4521: g++ -o conftest -m64 -g -O2 -I/usr/local/cuda/include  conftest.cpp  -lrt >&5
configure:4521: $? = 0
configure:4521: result: yes
configure:4521: checking for localtime_r
configure:4521: g++ -o conftest -m64 -g -O2 -I/usr/local/cuda/include  conftest.cpp  -lrt >&5
configure:4521: $? = 0
configure:4521: result: yes
configure:4521: checking for memset
configure:4521: g++ -o conftest -m64 -g -O2 -I/usr/local/cuda/include  conftest.cpp  -lrt >&5
configure:4521: $? = 0
configure:4521: result: yes
configure:4521: checking for pow
configure:4521: g++ -o conftest -m64 -g -O2 -I/usr/local/cuda/include  conftest.cpp  -lrt >&5
configure:4521: $? = 0
configure:4521: result: yes
configure:4521: checking for sqrt
configure:4521: g++ -o conftest -m64 -g -O2 -I/usr/local/cuda/include  conftest.cpp  -lrt >&5
configure:4521: $? = 0
configure:4521: result: yes
configure:4521: checking for strdup
configure:4521: g++ -o conftest -m64 -g -O2 -I/usr/local/cuda/include  conftest.cpp  -lrt >&5
configure:4521: $? = 0
configure:4521: result: yes
configure:4534: checking whether clock_gettime() supports CLOCK_PROCESS_CPUTIME_ID timer
configure:4547: g++ -o conftest -m64 -g -O2 -I/usr/local/cuda/include  conftest.cpp  -lrt >&5
configure:4547: $? = 0
configure:4548: result: yes
configure:4582: checking for usable OpenCL opencl.h header
configure:4584: checking OpenCL/opencl.h usability
configure:4584: g++ -c -m64 -g -O2 -I/usr/local/cuda/include conftest.cpp >&5
conftest.cpp:74:27: error: OpenCL/opencl.h: No such file or directory
configure:4584: $? = 1
configure: failed program was:
| /* confdefs.h */
| #define PACKAGE_NAME "SHOC"
| #define PACKAGE_TARNAME "shoc"
| #define PACKAGE_VERSION "1.0"
| #define PACKAGE_STRING "SHOC 1.0"
| #define PACKAGE_BUGREPORT "shoc-help@email.ornl.gov"
| #define PACKAGE_URL ""
| #define STDC_HEADERS 1
| #define HAVE_SYS_TYPES_H 1
| #define HAVE_SYS_STAT_H 1
| #define HAVE_STDLIB_H 1
| #define HAVE_STRING_H 1
| #define HAVE_MEMORY_H 1
| #define HAVE_STRINGS_H 1
| #define HAVE_INTTYPES_H 1
| #define HAVE_STDINT_H 1
| #define HAVE_UNISTD_H 1
| #define HAVE_ALLOCA_H 1
| #define HAVE_ALLOCA 1
| #define HAVE_FLOAT_H 1
| #define HAVE_STDLIB_H 1
| #define HAVE_STRING_H 1
| #define HAVE_SYS_TIME_H 1
| #define HAVE_SYS_TIMEB_H 1
| #define HAVE_UNISTD_H 1
| #define HAVE_STDBOOL_H 1
| #define restrict __restrict
| #define HAVE_STDLIB_H 1
| #define HAVE_MALLOC 1
| #define HAVE_CLOCK_GETTIME 1
| #define HAVE_FLOOR 1
| #define HAVE_GETHOSTNAME 1
| #define HAVE_GETTIMEOFDAY 1
| #define HAVE_LOCALTIME_R 1
| #define HAVE_MEMSET 1
| #define HAVE_POW 1
| #define HAVE_SQRT 1
| #define HAVE_STRDUP 1
| #define HAVE_CLOCK_PROCESS_CPUTIME_ID 1
| /* end confdefs.h.  */
| #include <stdio.h>
| #ifdef HAVE_SYS_TYPES_H
| # include <sys/types.h>
| #endif
| #ifdef HAVE_SYS_STAT_H
| # include <sys/stat.h>
| #endif
| #ifdef STDC_HEADERS
| # include <stdlib.h>
| # include <stddef.h>
| #else
| # ifdef HAVE_STDLIB_H
| #  include <stdlib.h>
| # endif
| #endif
| #ifdef HAVE_STRING_H
| # if !defined STDC_HEADERS && defined HAVE_MEMORY_H
| #  include <memory.h>
| # endif
| # include <string.h>
| #endif
| #ifdef HAVE_STRINGS_H
| # include <strings.h>
| #endif
| #ifdef HAVE_INTTYPES_H
| # include <inttypes.h>
| #endif
| #ifdef HAVE_STDINT_H
| # include <stdint.h>
| #endif
| #ifdef HAVE_UNISTD_H
| # include <unistd.h>
| #endif
| #include <OpenCL/opencl.h>
configure:4584: result: no
configure:4584: checking OpenCL/opencl.h presence
configure:4584: g++ -E -I/usr/local/cuda/include conftest.cpp
conftest.cpp:41:27: error: OpenCL/opencl.h: No such file or directory
configure:4584: $? = 1
configure: failed program was:
| /* confdefs.h */
| #define PACKAGE_NAME "SHOC"
| #define PACKAGE_TARNAME "shoc"
| #define PACKAGE_VERSION "1.0"
| #define PACKAGE_STRING "SHOC 1.0"
| #define PACKAGE_BUGREPORT "shoc-help@email.ornl.gov"
| #define PACKAGE_URL ""
| #define STDC_HEADERS 1
| #define HAVE_SYS_TYPES_H 1
| #define HAVE_SYS_STAT_H 1
| #define HAVE_STDLIB_H 1
| #define HAVE_STRING_H 1
| #define HAVE_MEMORY_H 1
| #define HAVE_STRINGS_H 1
| #define HAVE_INTTYPES_H 1
| #define HAVE_STDINT_H 1
| #define HAVE_UNISTD_H 1
| #define HAVE_ALLOCA_H 1
| #define HAVE_ALLOCA 1
| #define HAVE_FLOAT_H 1
| #define HAVE_STDLIB_H 1
| #define HAVE_STRING_H 1
| #define HAVE_SYS_TIME_H 1
| #define HAVE_SYS_TIMEB_H 1
| #define HAVE_UNISTD_H 1
| #define HAVE_STDBOOL_H 1
| #define restrict __restrict
| #define HAVE_STDLIB_H 1
| #define HAVE_MALLOC 1
| #define HAVE_CLOCK_GETTIME 1
| #define HAVE_FLOOR 1
| #define HAVE_GETHOSTNAME 1
| #define HAVE_GETTIMEOFDAY 1
| #define HAVE_LOCALTIME_R 1
| #define HAVE_MEMSET 1
| #define HAVE_POW 1
| #define HAVE_SQRT 1
| #define HAVE_STRDUP 1
| #define HAVE_CLOCK_PROCESS_CPUTIME_ID 1
| /* end confdefs.h.  */
| #include <OpenCL/opencl.h>
configure:4584: result: no
configure:4584: checking for OpenCL/opencl.h
configure:4584: result: no
configure:4588: checking CL/opencl.h usability
configure:4588: g++ -c -m64 -g -O2 -I/usr/local/cuda/include conftest.cpp >&5
configure:4588: $? = 0
configure:4588: result: yes
configure:4588: checking CL/opencl.h presence
configure:4588: g++ -E -I/usr/local/cuda/include conftest.cpp
configure:4588: $? = 0
configure:4588: result: yes
configure:4588: checking for CL/opencl.h
configure:4588: result: yes
configure:4617: checking for usable OpenCL library
configure:4633: g++ -o conftest -m64 -g -O2 -I/usr/local/cuda/include  conftest.cpp -framework OpenCL  -lrt >&5
g++: OpenCL: No such file or directory
cc1plus: error: unrecognized command line option "-framework"
configure:4633: $? = 1
configure: failed program was:
| /* confdefs.h */
| #define PACKAGE_NAME "SHOC"
| #define PACKAGE_TARNAME "shoc"
| #define PACKAGE_VERSION "1.0"
| #define PACKAGE_STRING "SHOC 1.0"
| #define PACKAGE_BUGREPORT "shoc-help@email.ornl.gov"
| #define PACKAGE_URL ""
| #define STDC_HEADERS 1
| #define HAVE_SYS_TYPES_H 1
| #define HAVE_SYS_STAT_H 1
| #define HAVE_STDLIB_H 1
| #define HAVE_STRING_H 1
| #define HAVE_MEMORY_H 1
| #define HAVE_STRINGS_H 1
| #define HAVE_INTTYPES_H 1
| #define HAVE_STDINT_H 1
| #define HAVE_UNISTD_H 1
| #define HAVE_ALLOCA_H 1
| #define HAVE_ALLOCA 1
| #define HAVE_FLOAT_H 1
| #define HAVE_STDLIB_H 1
| #define HAVE_STRING_H 1
| #define HAVE_SYS_TIME_H 1
| #define HAVE_SYS_TIMEB_H 1
| #define HAVE_UNISTD_H 1
| #define HAVE_STDBOOL_H 1
| #define restrict __restrict
| #define HAVE_STDLIB_H 1
| #define HAVE_MALLOC 1
| #define HAVE_CLOCK_GETTIME 1
| #define HAVE_FLOOR 1
| #define HAVE_GETHOSTNAME 1
| #define HAVE_GETTIMEOFDAY 1
| #define HAVE_LOCALTIME_R 1
| #define HAVE_MEMSET 1
| #define HAVE_POW 1
| #define HAVE_SQRT 1
| #define HAVE_STRDUP 1
| #define HAVE_CLOCK_PROCESS_CPUTIME_ID 1
| /* end confdefs.h.  */
| #include "CL/opencl.h"
| int
| main ()
| {
| clGetPlatformIDs(0,0,0);
|   ;
|   return 0;
| }
configure:4650: g++ -o conftest -m64 -g -O2 -I/usr/local/cuda/include  conftest.cpp -lOpenCL  -lrt >&5
configure:4650: $? = 0
configure:4651: result: -lOpenCL
configure:4708: checking for nvcc
configure:4726: found /usr/local/cuda/bin//nvcc
configure:4738: result: /usr/local/cuda/bin//nvcc
configure:4805: checking cuda.h usability
configure:4805: /usr/local/cuda/bin//nvcc -c -m64 -g -O2 -I/usr/local/cuda/include -I/usr/local/cuda/include conftest.cpp >&5
configure:4805: $? = 0
configure:4805: result: yes
configure:4805: checking cuda.h presence
configure:4805: g++ -E -I/usr/local/cuda/include -I/usr/local/cuda/include conftest.cpp
configure:4805: $? = 0
configure:4805: result: yes
configure:4805: checking for cuda.h
configure:4805: result: yes
configure:4805: checking cuda_runtime.h usability
configure:4805: /usr/local/cuda/bin//nvcc -c -m64 -g -O2 -I/usr/local/cuda/include -I/usr/local/cuda/include conftest.cpp >&5
configure:4805: $? = 0
configure:4805: result: yes
configure:4805: checking cuda_runtime.h presence
configure:4805: g++ -E -I/usr/local/cuda/include -I/usr/local/cuda/include conftest.cpp
configure:4805: $? = 0
configure:4805: result: yes
configure:4805: checking for cuda_runtime.h
configure:4805: result: yes
configure:4819: checking for cublasAlloc in -lcublas
configure:4844: /usr/local/cuda/bin//nvcc -o conftest -m64 -g -O2 -I/usr/local/cuda/include -I/usr/local/cuda/include  conftest.cpp -lcublas   -lrt >&5
configure:4844: $? = 0
configure:4853: result: yes
configure:4867: checking for cufftPlan1d in -lcufft
configure:4892: /usr/local/cuda/bin//nvcc -o conftest -m64 -g -O2 -I/usr/local/cuda/include -I/usr/local/cuda/include  conftest.cpp -lcufft  -lcublas  -lrt >&5
configure:4892: $? = 0
configure:4901: result: yes
configure:5050: checking whether we can compile an MPI program using g++
configure:5065: g++ -c -m64 -g -O2  -I/usr/local/cuda/include conftest.cpp >&5
conftest.cpp:45:17: error: mpi.h: No such file or directory
conftest.cpp: In function 'int main()':
conftest.cpp:49: error: 'MPI_Init' was not declared in this scope
configure:5065: $? = 1
configure: failed program was:
| /* confdefs.h */
| #define PACKAGE_NAME "SHOC"
| #define PACKAGE_TARNAME "shoc"
| #define PACKAGE_VERSION "1.0"
| #define PACKAGE_STRING "SHOC 1.0"
| #define PACKAGE_BUGREPORT "shoc-help@email.ornl.gov"
| #define PACKAGE_URL ""
| #define STDC_HEADERS 1
| #define HAVE_SYS_TYPES_H 1
| #define HAVE_SYS_STAT_H 1
| #define HAVE_STDLIB_H 1
| #define HAVE_STRING_H 1
| #define HAVE_MEMORY_H 1
| #define HAVE_STRINGS_H 1
| #define HAVE_INTTYPES_H 1
| #define HAVE_STDINT_H 1
| #define HAVE_UNISTD_H 1
| #define HAVE_ALLOCA_H 1
| #define HAVE_ALLOCA 1
| #define HAVE_FLOAT_H 1
| #define HAVE_STDLIB_H 1
| #define HAVE_STRING_H 1
| #define HAVE_SYS_TIME_H 1
| #define HAVE_SYS_TIMEB_H 1
| #define HAVE_UNISTD_H 1
| #define HAVE_STDBOOL_H 1
| #define restrict __restrict
| #define HAVE_STDLIB_H 1
| #define HAVE_MALLOC 1
| #define HAVE_CLOCK_GETTIME 1
| #define HAVE_FLOOR 1
| #define HAVE_GETHOSTNAME 1
| #define HAVE_GETTIMEOFDAY 1
| #define HAVE_LOCALTIME_R 1
| #define HAVE_MEMSET 1
| #define HAVE_POW 1
| #define HAVE_SQRT 1
| #define HAVE_STRDUP 1
| #define HAVE_CLOCK_PROCESS_CPUTIME_ID 1
| #define HAVE_CUDA_H 1
| #define HAVE_CUDA_RUNTIME_H 1
| #define HAVE_LIBCUBLAS 1
| #define HAVE_LIBCUFFT 1
| /* end confdefs.h.  */
| #include "mpi.h"
| int
| main ()
| {
| MPI_Init(0,0);
|   ;
|   return 0;
| }
configure:5070: result: no
configure:5084: No usable MPI installation found.
  If this is unexpected, see --with-mpi-includes, --with-mpi-libraries.
                  
configure:5282: creating ./config.status

## ---------------------- ##
## Running config.status. ##
## ---------------------- ##

This file was extended by SHOC config.status 1.0, which was
generated by GNU Autoconf 2.65.  Invocation command line was

  CONFIG_FILES    = 
  CONFIG_HEADERS  = 
  CONFIG_LINKS    = 
  CONFIG_COMMANDS = 
  $ ./config.status 

on gpu0031

config.status:892: creating Makefile
config.status:892: creating config/common.mk
config.status:892: creating config/targets.mk
config.status:892: creating src/Makefile
config.status:892: creating src/cuda/Makefile
config.status:892: creating src/cuda/level0/Makefile
config.status:892: creating src/cuda/level1/Makefile
config.status:892: creating src/cuda/level1/fft/Makefile
config.status:892: creating src/cuda/level1/md/Makefile
config.status:892: creating src/cuda/level1/reduction/Makefile
config.status:892: creating src/cuda/level1/scan/Makefile
config.status:892: creating src/cuda/level1/sgemm/Makefile
config.status:892: creating src/cuda/level1/sort/Makefile
config.status:892: creating src/cuda/level1/spmv/Makefile
config.status:892: creating src/cuda/level1/stencil2d/Makefile
config.status:892: creating src/cuda/level1/triad/Makefile
config.status:892: creating src/cuda/level2/Makefile
config.status:892: creating src/cuda/level2/s3d/Makefile
config.status:892: creating src/mpi/Makefile
config.status:892: creating src/mpi/common/Makefile
config.status:892: creating src/mpi/contention/Makefile
config.status:892: creating src/mpi/contention/cuda/Makefile
config.status:892: creating src/mpi/contention/opencl/Makefile
config.status:892: creating src/mpi/contention-mt/Makefile
config.status:892: creating src/mpi/contention-mt/cuda/Makefile
config.status:892: creating src/mpi/contention-mt/opencl/Makefile
config.status:892: creating src/opencl/Makefile
config.status:892: creating src/opencl/common/Makefile
config.status:892: creating src/opencl/level0/Makefile
config.status:892: creating src/opencl/level1/Makefile
config.status:892: creating src/opencl/level1/fft/Makefile
config.status:892: creating src/opencl/level1/md/Makefile
config.status:892: creating src/opencl/level1/reduction/Makefile
config.status:892: creating src/opencl/level1/scan/Makefile
config.status:892: creating src/opencl/level1/sgemm/Makefile
config.status:892: creating src/opencl/level1/sort/Makefile
config.status:892: creating src/opencl/level1/spmv/Makefile
config.status:892: creating src/opencl/level1/stencil2d/Makefile
config.status:892: creating src/opencl/level1/triad/Makefile
config.status:892: creating src/opencl/level2/Makefile
config.status:892: creating src/opencl/level2/s3d/Makefile
config.status:892: creating src/stability/Makefile
config.status:892: creating config/config.h

## ---------------- ##
## Cache variables. ##
## ---------------- ##

ac_cv_build=x86_64-unknown-linux-gnu
ac_cv_c_compiler_gnu=yes
ac_cv_c_inline=inline
ac_cv_c_restrict=__restrict
ac_cv_cxx_compiler_gnu=yes
ac_cv_env_CCC_set=
ac_cv_env_CCC_value=
ac_cv_env_CC_set=
ac_cv_env_CC_value=
ac_cv_env_CFLAGS_set=
ac_cv_env_CFLAGS_value=
ac_cv_env_CPPFLAGS_set=set
ac_cv_env_CPPFLAGS_value=-I/usr/local/cuda/include
ac_cv_env_CXXCPP_set=
ac_cv_env_CXXCPP_value=
ac_cv_env_CXXFLAGS_set=
ac_cv_env_CXXFLAGS_value=
ac_cv_env_CXX_set=
ac_cv_env_CXX_value=
ac_cv_env_LDFLAGS_set=
ac_cv_env_LDFLAGS_value=
ac_cv_env_LIBS_set=
ac_cv_env_LIBS_value=
ac_cv_env_build_alias_set=
ac_cv_env_build_alias_value=
ac_cv_env_host_alias_set=
ac_cv_env_host_alias_value=
ac_cv_env_target_alias_set=
ac_cv_env_target_alias_value=
ac_cv_func_alloca_works=yes
ac_cv_func_clock_gettime=yes
ac_cv_func_floor=yes
ac_cv_func_gethostname=yes
ac_cv_func_gettimeofday=yes
ac_cv_func_localtime_r=yes
ac_cv_func_malloc_0_nonnull=yes
ac_cv_func_memset=yes
ac_cv_func_pow=yes
ac_cv_func_sqrt=yes
ac_cv_func_strdup=yes
ac_cv_header_CL_opencl_h=yes
ac_cv_header_OpenCL_opencl_h=no
ac_cv_header_cuda_h=yes
ac_cv_header_cuda_runtime_h=yes
ac_cv_header_float_h=yes
ac_cv_header_inttypes_h=yes
ac_cv_header_memory_h=yes
ac_cv_header_stdbool_h=yes
ac_cv_header_stdc=yes
ac_cv_header_stdint_h=yes
ac_cv_header_stdlib_h=yes
ac_cv_header_string_h=yes
ac_cv_header_strings_h=yes
ac_cv_header_sys_stat_h=yes
ac_cv_header_sys_time_h=yes
ac_cv_header_sys_timeb_h=yes
ac_cv_header_sys_types_h=yes
ac_cv_header_unistd_h=yes
ac_cv_host=x86_64-unknown-linux-gnu
ac_cv_lib_cublas_cublasAlloc=yes
ac_cv_lib_cufft_cufftPlan1d=yes
ac_cv_lib_error_at_line=yes
ac_cv_objext=o
ac_cv_path_AR=/usr/bin/ar
ac_cv_path_EGREP='/bin/grep -E'
ac_cv_path_GREP=/bin/grep
ac_cv_path_NVCC=/usr/local/cuda/bin//nvcc
ac_cv_path_PERL=/usr/bin/perl
ac_cv_prog_CXXCPP='g++ -E'
ac_cv_prog_ac_ct_CC=gcc
ac_cv_prog_ac_ct_CXX=g++
ac_cv_prog_ac_ct_RANLIB=ranlib
ac_cv_prog_cc_c89=
ac_cv_prog_cc_g=yes
ac_cv_prog_cxx_g=yes
ac_cv_type__Bool=no
ac_cv_type_size_t=yes
ac_cv_working_alloca_h=yes

## ----------------- ##
## Output variables. ##
## ----------------- ##

ALLOCA=''
AR='/usr/bin/ar'
CC='gcc'
CFLAGS='-m64 -g -O2'
CPPFLAGS='-I/usr/local/cuda/include'
CUDA_CPPFLAGS='-gencode=arch=compute_10,code=sm_10  -gencode=arch=compute_11,code=sm_11  -gencode=arch=compute_13,code=sm_13  -gencode=arch=compute_20,code=sm_20  -gencode=arch=compute_20,code=compute_20'
CUDA_INCDIR='/usr/local/cuda/include'
CXX='g++'
CXXCPP='g++ -E'
CXXFLAGS='-m64 -g -O2'
DEFS='-DHAVE_CONFIG_H'
ECHO_C=''
ECHO_N='-n'
ECHO_T=''
EGREP='/bin/grep -E'
EXEEXT=''
GREP='/bin/grep'
LDFLAGS=''
LIBOBJS=''
LIBS=' -lrt'
LTLIBOBJS=''
MPI_CXXFLAGS=''
MPI_LIBS=''
MPI_SUBDIRS=' opencl cuda'
NVCC='/usr/local/cuda/bin//nvcc'
OBJEXT='o'
OPENCL_LIBS='-lOpenCL'
PACKAGE_BUGREPORT='shoc-help@email.ornl.gov'
PACKAGE_NAME='SHOC'
PACKAGE_STRING='SHOC 1.0'
PACKAGE_TARNAME='shoc'
PACKAGE_URL=''
PACKAGE_VERSION='1.0'
PATH_SEPARATOR=':'
PERL='/usr/bin/perl'
RANLIB='ranlib'
SHELL='/bin/sh'
SRC_SUBDIRS=' opencl cuda stability'
USE_MPI='no'
ac_ct_CC='gcc'
ac_ct_CXX='g++'
bindir='${exec_prefix}/bin'
build='x86_64-unknown-linux-gnu'
build_alias=''
build_cpu='x86_64'
build_os='linux-gnu'
build_vendor='unknown'
datadir='${datarootdir}'
datarootdir='${prefix}/share'
docdir='${datarootdir}/doc/${PACKAGE_TARNAME}'
dvidir='${docdir}'
exec_prefix='${prefix}'
host='x86_64-unknown-linux-gnu'
host_alias=''
host_cpu='x86_64'
host_os='linux-gnu'
host_vendor='unknown'
htmldir='${docdir}'
includedir='${prefix}/include'
infodir='${datarootdir}/info'
libdir='${exec_prefix}/lib'
libexecdir='${exec_prefix}/libexec'
localedir='${datarootdir}/locale'
localstatedir='${prefix}/var'
mandir='${datarootdir}/man'
oldincludedir='/usr/include'
pdfdir='${docdir}'
prefix='/usr/local'
program_transform_name='s,x,x,'
psdir='${docdir}'
sbindir='${exec_prefix}/sbin'
sharedstatedir='${prefix}/com'
sysconfdir='${prefix}/etc'
target_alias=''

## ----------- ##
## confdefs.h. ##
## ----------- ##

/* confdefs.h */
#define PACKAGE_NAME "SHOC"
#define PACKAGE_TARNAME "shoc"
#define PACKAGE_VERSION "1.0"
#define PACKAGE_STRING "SHOC 1.0"
#define PACKAGE_BUGREPORT "shoc-help@email.ornl.gov"
#define PACKAGE_URL ""
#define STDC_HEADERS 1
#define HAVE_SYS_TYPES_H 1
#define HAVE_SYS_STAT_H 1
#define HAVE_STDLIB_H 1
#define HAVE_STRING_H 1
#define HAVE_MEMORY_H 1
#define HAVE_STRINGS_H 1
#define HAVE_INTTYPES_H 1
#define HAVE_STDINT_H 1
#define HAVE_UNISTD_H 1
#define HAVE_ALLOCA_H 1
#define HAVE_ALLOCA 1
#define HAVE_FLOAT_H 1
#define HAVE_STDLIB_H 1
#define HAVE_STRING_H 1
#define HAVE_SYS_TIME_H 1
#define HAVE_SYS_TIMEB_H 1
#define HAVE_UNISTD_H 1
#define HAVE_STDBOOL_H 1
#define restrict __restrict
#define HAVE_STDLIB_H 1
#define HAVE_MALLOC 1
#define HAVE_CLOCK_GETTIME 1
#define HAVE_FLOOR 1
#define HAVE_GETHOSTNAME 1
#define HAVE_GETTIMEOFDAY 1
#define HAVE_LOCALTIME_R 1
#define HAVE_MEMSET 1
#define HAVE_POW 1
#define HAVE_SQRT 1
#define HAVE_STRDUP 1
#define HAVE_CLOCK_PROCESS_CPUTIME_ID 1
#define HAVE_CUDA_H 1
#define HAVE_CUDA_RUNTIME_H 1
#define HAVE_LIBCUBLAS 1
#define HAVE_LIBCUFFT 1

configure: exit 0
