This file contains any messages produced by compilers while
running configure, to aid debugging if configure makes a mistake.

It was created by vgpu configure 0, which was
generated by GNU Autoconf 2.65.  Invocation command line was

  $ ./configure --prefix=/home/liyan/vocl-ib/vocl_lib --with-opencl=/usr/local/cuda/ --with-cuda-sdk=/home/liyan/NVIDIA_GPU_Computing_SDK CC=/home/liyan/mvapich2-1.8/bin/mpicc CXX=/home/liyan/mvapich2-1.8/bin/mpicxx

## --------- ##
## Platform. ##
## --------- ##

hostname = bb48
uname -m = x86_64
uname -r = 2.6.32-24-generic
uname -s = Linux
uname -v = #43-Ubuntu SMP Thu Sep 16 14:58:24 UTC 2010

/usr/bin/uname -p = unknown
/bin/uname -X     = unknown

/bin/arch              = unknown
/usr/bin/arch -k       = unknown
/usr/convex/getsysinfo = unknown
/usr/bin/hostinfo      = unknown
/bin/machine           = unknown
/usr/bin/oslevel       = unknown
/bin/universe          = unknown

PATH: /usr/local/sbin
PATH: /usr/local/bin
PATH: /usr/sbin
PATH: /usr/bin
PATH: /sbin
PATH: /bin
PATH: /usr/games
PATH: /usr/local/cuda/bin


## ----------- ##
## Core tests. ##
## ----------- ##

configure:2677: checking for a BSD-compatible install
configure:2745: result: /usr/bin/install -c
configure:2756: checking whether build environment is sane
configure:2806: result: yes
configure:2947: checking for a thread-safe mkdir -p
configure:2986: result: /bin/mkdir -p
configure:2999: checking for gawk
configure:3029: result: no
configure:2999: checking for mawk
configure:3015: found /usr/bin/mawk
configure:3026: result: mawk
configure:3037: checking whether make sets $(MAKE)
configure:3059: result: yes
configure:3169: checking build system type
configure:3183: result: x86_64-unknown-linux-gnu
configure:3203: checking host system type
configure:3216: result: x86_64-unknown-linux-gnu
configure:3248: checking for style of include used by make
configure:3276: result: GNU
configure:3346: checking for gcc
configure:3373: result: /home/liyan/mvapich2-1.8/bin/mpicc
configure:3602: checking for C compiler version
configure:3611: /home/liyan/mvapich2-1.8/bin/mpicc --version >&5
gcc (Ubuntu 4.4.3-4ubuntu5.1) 4.4.3
Copyright (C) 2009 Free Software Foundation, Inc.
This is free software; see the source for copying conditions.  There is NO
warranty; not even for MERCHANTABILITY or FITNESS FOR A PARTICULAR PURPOSE.

configure:3622: $? = 0
configure:3611: /home/liyan/mvapich2-1.8/bin/mpicc -v >&5
mpicc for MVAPICH2 version 1.8
Using built-in specs.
Target: x86_64-linux-gnu
Configured with: ../src/configure -v --with-pkgversion='Ubuntu 4.4.3-4ubuntu5.1' --with-bugurl=file:///usr/share/doc/gcc-4.4/README.Bugs --enable-languages=c,c++,fortran,objc,obj-c++ --prefix=/usr --enable-shared --enable-multiarch --enable-linker-build-id --with-system-zlib --libexecdir=/usr/lib --without-included-gettext --enable-threads=posix --with-gxx-include-dir=/usr/include/c++/4.4 --program-suffix=-4.4 --enable-nls --enable-clocale=gnu --enable-libstdcxx-debug --enable-plugin --enable-objc-gc --disable-werror --with-arch-32=i486 --with-tune=generic --enable-checking=release --build=x86_64-linux-gnu --host=x86_64-linux-gnu --target=x86_64-linux-gnu
Thread model: posix
gcc version 4.4.3 (Ubuntu 4.4.3-4ubuntu5.1) 
configure:3622: $? = 0
configure:3611: /home/liyan/mvapich2-1.8/bin/mpicc -V >&5
gcc: error trying to exec 'x86_64-linux-gnu-gcc--I/home/liyan/mvapich2-1.8/include': execvp: No such file or directory
configure:3622: $? = 0
configure:3611: /home/liyan/mvapich2-1.8/bin/mpicc -qversion >&5
gcc: unrecognized option '-qversion'
/usr/bin/ld: /usr/lib/debug/usr/lib/crt1.o(.debug_info): relocation 0 has invalid symbol index 11
/usr/bin/ld: /usr/lib/debug/usr/lib/crt1.o(.debug_info): relocation 1 has invalid symbol index 12
/usr/bin/ld: /usr/lib/debug/usr/lib/crt1.o(.debug_info): relocation 2 has invalid symbol index 2
/usr/bin/ld: /usr/lib/debug/usr/lib/crt1.o(.debug_info): relocation 3 has invalid symbol index 2
/usr/bin/ld: /usr/lib/debug/usr/lib/crt1.o(.debug_info): relocation 4 has invalid symbol index 11
/usr/bin/ld: /usr/lib/debug/usr/lib/crt1.o(.debug_info): relocation 5 has invalid symbol index 13
/usr/bin/ld: /usr/lib/debug/usr/lib/crt1.o(.debug_info): relocation 6 has invalid symbol index 13
/usr/bin/ld: /usr/lib/debug/usr/lib/crt1.o(.debug_info): relocation 7 has invalid symbol index 13
/usr/bin/ld: /usr/lib/debug/usr/lib/crt1.o(.debug_info): relocation 8 has invalid symbol index 2
... rest of stderr output deleted ...
configure:3622: $? = 1
configure:3642: checking whether the C compiler works
configure:3664: /home/liyan/mvapich2-1.8/bin/mpicc    conftest.c  >&5
configure:3668: $? = 0
configure:3717: result: yes
configure:3720: checking for C compiler default output file name
configure:3722: result: a.out
configure:3728: checking for suffix of executables
configure:3735: /home/liyan/mvapich2-1.8/bin/mpicc -o conftest    conftest.c  >&5
configure:3739: $? = 0
configure:3761: result: 
configure:3783: checking whether we are cross compiling
configure:3791: /home/liyan/mvapich2-1.8/bin/mpicc -o conftest    conftest.c  >&5
configure:3795: $? = 0
configure:3802: ./conftest
configure:3806: $? = 0
configure:3821: result: no
configure:3826: checking for suffix of object files
configure:3848: /home/liyan/mvapich2-1.8/bin/mpicc -c   conftest.c >&5
configure:3852: $? = 0
configure:3873: result: o
configure:3877: checking whether we are using the GNU C compiler
configure:3896: /home/liyan/mvapich2-1.8/bin/mpicc -c   conftest.c >&5
configure:3896: $? = 0
configure:3905: result: yes
configure:3914: checking whether /home/liyan/mvapich2-1.8/bin/mpicc accepts -g
configure:3934: /home/liyan/mvapich2-1.8/bin/mpicc -c -g  conftest.c >&5
configure:3934: $? = 0
configure:3975: result: yes
configure:3992: checking for /home/liyan/mvapich2-1.8/bin/mpicc option to accept ISO C89
configure:4056: /home/liyan/mvapich2-1.8/bin/mpicc  -c -g -O2  conftest.c >&5
configure:4056: $? = 0
configure:4069: result: none needed
configure:4091: checking dependency style of /home/liyan/mvapich2-1.8/bin/mpicc
configure:4201: result: gcc3
configure:4216: checking for a sed that does not truncate output
configure:4280: result: /bin/sed
configure:4298: checking for grep that handles long lines and -e
configure:4356: result: /bin/grep
configure:4361: checking for egrep
configure:4423: result: /bin/grep -E
configure:4428: checking for fgrep
configure:4490: result: /bin/grep -F
configure:4525: checking for ld used by /home/liyan/mvapich2-1.8/bin/mpicc
configure:4592: result: /usr/bin/ld
configure:4599: checking if the linker (/usr/bin/ld) is GNU ld
configure:4614: result: yes
configure:4626: checking for BSD- or MS-compatible name lister (nm)
configure:4675: result: /usr/bin/nm -B
configure:4793: checking the name lister (/usr/bin/nm -B) interface
configure:4800: /home/liyan/mvapich2-1.8/bin/mpicc -c -g -O2  conftest.c >&5
configure:4803: /usr/bin/nm -B "conftest.o"
configure:4806: output
0000000000000000 B some_variable
configure:4813: result: BSD nm
configure:4816: checking whether ln -s works
configure:4820: result: yes
configure:4828: checking the maximum length of command line arguments
configure:4948: result: 1572864
configure:4965: checking whether the shell understands some XSI constructs
configure:4975: result: yes
configure:4979: checking whether the shell understands "+="
configure:4985: result: yes
configure:5020: checking for /usr/bin/ld option to reload object files
configure:5027: result: -r
configure:5096: checking for objdump
configure:5112: found /usr/bin/objdump
configure:5123: result: objdump
configure:5155: checking how to recognize dependent libraries
configure:5351: result: pass_all
configure:5411: checking for ar
configure:5427: found /usr/bin/ar
configure:5438: result: ar
configure:5516: checking for strip
configure:5532: found /usr/bin/strip
configure:5543: result: strip
configure:5615: checking for ranlib
configure:5631: found /usr/bin/ranlib
configure:5642: result: ranlib
configure:5732: checking command to parse /usr/bin/nm -B output from /home/liyan/mvapich2-1.8/bin/mpicc object
configure:5850: /home/liyan/mvapich2-1.8/bin/mpicc -c -g -O2  conftest.c >&5
configure:5853: $? = 0
configure:5857: /usr/bin/nm -B conftest.o \| sed -n -e 's/^.*[	 ]\([ABCDGIRSTW][ABCDGIRSTW]*\)[	 ][	 ]*\([_A-Za-z][_A-Za-z0-9]*\)$/\1 \2 \2/p' \> conftest.nm
configure:5860: $? = 0
configure:5914: /home/liyan/mvapich2-1.8/bin/mpicc -o conftest -g -O2   conftest.c conftstm.o >&5
configure:5917: $? = 0
configure:5955: result: ok
configure:6051: /home/liyan/mvapich2-1.8/bin/mpicc -c -g -O2  conftest.c >&5
configure:6054: $? = 0
configure:6764: checking how to run the C preprocessor
configure:6795: /home/liyan/mvapich2-1.8/bin/mpicc -E  conftest.c
configure:6795: $? = 0
configure:6809: /home/liyan/mvapich2-1.8/bin/mpicc -E  conftest.c
conftest.c:11:28: error: ac_nonexistent.h: No such file or directory
configure:6809: $? = 1
configure: failed program was:
| /* confdefs.h */
| #define PACKAGE_NAME "vgpu"
| #define PACKAGE_TARNAME "vgpu"
| #define PACKAGE_VERSION "0"
| #define PACKAGE_STRING "vgpu 0"
| #define PACKAGE_BUGREPORT ""
| #define PACKAGE_URL ""
| #define PACKAGE "vgpu"
| #define VERSION "0"
| /* end confdefs.h.  */
| #include <ac_nonexistent.h>
configure:6834: result: /home/liyan/mvapich2-1.8/bin/mpicc -E
configure:6854: /home/liyan/mvapich2-1.8/bin/mpicc -E  conftest.c
configure:6854: $? = 0
configure:6868: /home/liyan/mvapich2-1.8/bin/mpicc -E  conftest.c
conftest.c:11:28: error: ac_nonexistent.h: No such file or directory
configure:6868: $? = 1
configure: failed program was:
| /* confdefs.h */
| #define PACKAGE_NAME "vgpu"
| #define PACKAGE_TARNAME "vgpu"
| #define PACKAGE_VERSION "0"
| #define PACKAGE_STRING "vgpu 0"
| #define PACKAGE_BUGREPORT ""
| #define PACKAGE_URL ""
| #define PACKAGE "vgpu"
| #define VERSION "0"
| /* end confdefs.h.  */
| #include <ac_nonexistent.h>
configure:6897: checking for ANSI C header files
configure:6917: /home/liyan/mvapich2-1.8/bin/mpicc -c -g -O2  conftest.c >&5
configure:6917: $? = 0
configure:6990: /home/liyan/mvapich2-1.8/bin/mpicc -o conftest -g -O2   conftest.c  >&5
configure:6990: $? = 0
configure:6990: ./conftest
configure:6990: $? = 0
configure:7001: result: yes
configure:7014: checking for sys/types.h
configure:7014: /home/liyan/mvapich2-1.8/bin/mpicc -c -g -O2  conftest.c >&5
configure:7014: $? = 0
configure:7014: result: yes
configure:7014: checking for sys/stat.h
configure:7014: /home/liyan/mvapich2-1.8/bin/mpicc -c -g -O2  conftest.c >&5
configure:7014: $? = 0
configure:7014: result: yes
configure:7014: checking for stdlib.h
configure:7014: /home/liyan/mvapich2-1.8/bin/mpicc -c -g -O2  conftest.c >&5
configure:7014: $? = 0
configure:7014: result: yes
configure:7014: checking for string.h
configure:7014: /home/liyan/mvapich2-1.8/bin/mpicc -c -g -O2  conftest.c >&5
configure:7014: $? = 0
configure:7014: result: yes
configure:7014: checking for memory.h
configure:7014: /home/liyan/mvapich2-1.8/bin/mpicc -c -g -O2  conftest.c >&5
configure:7014: $? = 0
configure:7014: result: yes
configure:7014: checking for strings.h
configure:7014: /home/liyan/mvapich2-1.8/bin/mpicc -c -g -O2  conftest.c >&5
configure:7014: $? = 0
configure:7014: result: yes
configure:7014: checking for inttypes.h
configure:7014: /home/liyan/mvapich2-1.8/bin/mpicc -c -g -O2  conftest.c >&5
configure:7014: $? = 0
configure:7014: result: yes
configure:7014: checking for stdint.h
configure:7014: /home/liyan/mvapich2-1.8/bin/mpicc -c -g -O2  conftest.c >&5
configure:7014: $? = 0
configure:7014: result: yes
configure:7014: checking for unistd.h
configure:7014: /home/liyan/mvapich2-1.8/bin/mpicc -c -g -O2  conftest.c >&5
configure:7014: $? = 0
configure:7014: result: yes
configure:7029: checking for dlfcn.h
configure:7029: /home/liyan/mvapich2-1.8/bin/mpicc -c -g -O2  conftest.c >&5
configure:7029: $? = 0
configure:7029: result: yes
configure:7213: checking for objdir
configure:7228: result: .libs
configure:7524: checking if /home/liyan/mvapich2-1.8/bin/mpicc supports -fno-rtti -fno-exceptions
configure:7542: /home/liyan/mvapich2-1.8/bin/mpicc -c -g -O2  -fno-rtti -fno-exceptions conftest.c >&5
cc1: warning: command line option "-fno-rtti" is valid for C++/ObjC++ but not for C
configure:7546: $? = 0
configure:7559: result: no
configure:7579: checking for /home/liyan/mvapich2-1.8/bin/mpicc option to produce PIC
configure:7851: result: -fPIC -DPIC
configure:7863: checking if /home/liyan/mvapich2-1.8/bin/mpicc PIC flag -fPIC -DPIC works
configure:7881: /home/liyan/mvapich2-1.8/bin/mpicc -c -g -O2  -fPIC -DPIC -DPIC conftest.c >&5
configure:7885: $? = 0
configure:7898: result: yes
configure:7922: checking if /home/liyan/mvapich2-1.8/bin/mpicc static flag -static works
configure:7950: result: yes
configure:7965: checking if /home/liyan/mvapich2-1.8/bin/mpicc supports -c -o file.o
configure:7986: /home/liyan/mvapich2-1.8/bin/mpicc -c -g -O2  -o out/conftest2.o conftest.c >&5
configure:7990: $? = 0
configure:8012: result: yes
configure:8020: checking if /home/liyan/mvapich2-1.8/bin/mpicc supports -c -o file.o
configure:8067: result: yes
configure:8100: checking whether the /home/liyan/mvapich2-1.8/bin/mpicc linker (/usr/bin/ld -m elf_x86_64) supports shared libraries
configure:9091: result: yes
configure:9128: checking whether -lc should be explicitly linked in
configure:9133: /home/liyan/mvapich2-1.8/bin/mpicc -c -g -O2  conftest.c >&5
configure:9136: $? = 0
configure:9151: /home/liyan/mvapich2-1.8/bin/mpicc -shared conftest.o  -v -Wl,-soname -Wl,conftest -o conftest 2\>\&1 \| /bin/grep  -lc  \>/dev/null 2\>\&1
configure:9154: $? = 0
configure:9166: result: no
configure:9330: checking dynamic linker characteristics
configure:9763: /home/liyan/mvapich2-1.8/bin/mpicc -o conftest -g -O2   -Wl,-rpath -Wl,/foo conftest.c  >&5
configure:9763: $? = 0
configure:9993: result: GNU/Linux ld.so
configure:10095: checking how to hardcode library paths into programs
configure:10120: result: immediate
configure:10640: checking whether stripping libraries is possible
configure:10645: result: yes
configure:10680: checking if libtool supports shared libraries
configure:10682: result: yes
configure:10685: checking whether to build shared libraries
configure:10706: result: yes
configure:10709: checking whether to build static libraries
configure:10713: result: yes
configure:10812: checking for gcc
configure:10839: result: /home/liyan/mvapich2-1.8/bin/mpicc
configure:11068: checking for C compiler version
configure:11077: /home/liyan/mvapich2-1.8/bin/mpicc --version >&5
gcc (Ubuntu 4.4.3-4ubuntu5.1) 4.4.3
Copyright (C) 2009 Free Software Foundation, Inc.
This is free software; see the source for copying conditions.  There is NO
warranty; not even for MERCHANTABILITY or FITNESS FOR A PARTICULAR PURPOSE.

configure:11088: $? = 0
configure:11077: /home/liyan/mvapich2-1.8/bin/mpicc -v >&5
mpicc for MVAPICH2 version 1.8
Using built-in specs.
Target: x86_64-linux-gnu
Configured with: ../src/configure -v --with-pkgversion='Ubuntu 4.4.3-4ubuntu5.1' --with-bugurl=file:///usr/share/doc/gcc-4.4/README.Bugs --enable-languages=c,c++,fortran,objc,obj-c++ --prefix=/usr --enable-shared --enable-multiarch --enable-linker-build-id --with-system-zlib --libexecdir=/usr/lib --without-included-gettext --enable-threads=posix --with-gxx-include-dir=/usr/include/c++/4.4 --program-suffix=-4.4 --enable-nls --enable-clocale=gnu --enable-libstdcxx-debug --enable-plugin --enable-objc-gc --disable-werror --with-arch-32=i486 --with-tune=generic --enable-checking=release --build=x86_64-linux-gnu --host=x86_64-linux-gnu --target=x86_64-linux-gnu
Thread model: posix
gcc version 4.4.3 (Ubuntu 4.4.3-4ubuntu5.1) 
configure:11088: $? = 0
configure:11077: /home/liyan/mvapich2-1.8/bin/mpicc -V >&5
gcc: error trying to exec 'x86_64-linux-gnu-gcc--I/home/liyan/mvapich2-1.8/include': execvp: No such file or directory
configure:11088: $? = 0
configure:11077: /home/liyan/mvapich2-1.8/bin/mpicc -qversion >&5
gcc: unrecognized option '-qversion'
/usr/bin/ld: /usr/lib/debug/usr/lib/crt1.o(.debug_info): relocation 0 has invalid symbol index 11
/usr/bin/ld: /usr/lib/debug/usr/lib/crt1.o(.debug_info): relocation 1 has invalid symbol index 12
/usr/bin/ld: /usr/lib/debug/usr/lib/crt1.o(.debug_info): relocation 2 has invalid symbol index 2
/usr/bin/ld: /usr/lib/debug/usr/lib/crt1.o(.debug_info): relocation 3 has invalid symbol index 2
/usr/bin/ld: /usr/lib/debug/usr/lib/crt1.o(.debug_info): relocation 4 has invalid symbol index 11
/usr/bin/ld: /usr/lib/debug/usr/lib/crt1.o(.debug_info): relocation 5 has invalid symbol index 13
/usr/bin/ld: /usr/lib/debug/usr/lib/crt1.o(.debug_info): relocation 6 has invalid symbol index 13
/usr/bin/ld: /usr/lib/debug/usr/lib/crt1.o(.debug_info): relocation 7 has invalid symbol index 13
/usr/bin/ld: /usr/lib/debug/usr/lib/crt1.o(.debug_info): relocation 8 has invalid symbol index 2
... rest of stderr output deleted ...
configure:11088: $? = 1
configure:11092: checking whether we are using the GNU C compiler
configure:11120: result: yes
configure:11129: checking whether /home/liyan/mvapich2-1.8/bin/mpicc accepts -g
configure:11190: result: yes
configure:11207: checking for /home/liyan/mvapich2-1.8/bin/mpicc option to accept ISO C89
configure:11284: result: none needed
configure:11306: checking dependency style of /home/liyan/mvapich2-1.8/bin/mpicc
configure:11416: result: gcc3
configure:11543: checking for C++ compiler version
configure:11552: /home/liyan/mvapich2-1.8/bin/mpicxx --version >&5
c++ (Ubuntu 4.4.3-4ubuntu5.1) 4.4.3
Copyright (C) 2009 Free Software Foundation, Inc.
This is free software; see the source for copying conditions.  There is NO
warranty; not even for MERCHANTABILITY or FITNESS FOR A PARTICULAR PURPOSE.

configure:11563: $? = 0
configure:11552: /home/liyan/mvapich2-1.8/bin/mpicxx -v >&5
mpicxx for MVAPICH2 version 1.8
Using built-in specs.
Target: x86_64-linux-gnu
Configured with: ../src/configure -v --with-pkgversion='Ubuntu 4.4.3-4ubuntu5.1' --with-bugurl=file:///usr/share/doc/gcc-4.4/README.Bugs --enable-languages=c,c++,fortran,objc,obj-c++ --prefix=/usr --enable-shared --enable-multiarch --enable-linker-build-id --with-system-zlib --libexecdir=/usr/lib --without-included-gettext --enable-threads=posix --with-gxx-include-dir=/usr/include/c++/4.4 --program-suffix=-4.4 --enable-nls --enable-clocale=gnu --enable-libstdcxx-debug --enable-plugin --enable-objc-gc --disable-werror --with-arch-32=i486 --with-tune=generic --enable-checking=release --build=x86_64-linux-gnu --host=x86_64-linux-gnu --target=x86_64-linux-gnu
Thread model: posix
gcc version 4.4.3 (Ubuntu 4.4.3-4ubuntu5.1) 
configure:11563: $? = 0
configure:11552: /home/liyan/mvapich2-1.8/bin/mpicxx -V >&5
c++: error trying to exec 'x86_64-linux-gnu-gcc--I/home/liyan/mvapich2-1.8/include': execvp: No such file or directory
configure:11563: $? = 0
configure:11552: /home/liyan/mvapich2-1.8/bin/mpicxx -qversion >&5
c++: unrecognized option '-qversion'
/usr/bin/ld: /usr/lib/debug/usr/lib/crt1.o(.debug_info): relocation 0 has invalid symbol index 11
/usr/bin/ld: /usr/lib/debug/usr/lib/crt1.o(.debug_info): relocation 1 has invalid symbol index 12
/usr/bin/ld: /usr/lib/debug/usr/lib/crt1.o(.debug_info): relocation 2 has invalid symbol index 2
/usr/bin/ld: /usr/lib/debug/usr/lib/crt1.o(.debug_info): relocation 3 has invalid symbol index 2
/usr/bin/ld: /usr/lib/debug/usr/lib/crt1.o(.debug_info): relocation 4 has invalid symbol index 11
/usr/bin/ld: /usr/lib/debug/usr/lib/crt1.o(.debug_info): relocation 5 has invalid symbol index 13
/usr/bin/ld: /usr/lib/debug/usr/lib/crt1.o(.debug_info): relocation 6 has invalid symbol index 13
/usr/bin/ld: /usr/lib/debug/usr/lib/crt1.o(.debug_info): relocation 7 has invalid symbol index 13
/usr/bin/ld: /usr/lib/debug/usr/lib/crt1.o(.debug_info): relocation 8 has invalid symbol index 2
... rest of stderr output deleted ...
configure:11563: $? = 1
configure:11567: checking whether we are using the GNU C++ compiler
configure:11586: /home/liyan/mvapich2-1.8/bin/mpicxx -c   conftest.cpp >&5
configure:11586: $? = 0
configure:11595: result: yes
configure:11604: checking whether /home/liyan/mvapich2-1.8/bin/mpicxx accepts -g
configure:11624: /home/liyan/mvapich2-1.8/bin/mpicxx -c -g  conftest.cpp >&5
configure:11624: $? = 0
configure:11665: result: yes
configure:11690: checking dependency style of /home/liyan/mvapich2-1.8/bin/mpicxx
configure:11800: result: gcc3
configure:11928: checking for C++ compiler version
configure:11937: /home/liyan/mvapich2-1.8/bin/mpicxx --version >&5
c++ (Ubuntu 4.4.3-4ubuntu5.1) 4.4.3
Copyright (C) 2009 Free Software Foundation, Inc.
This is free software; see the source for copying conditions.  There is NO
warranty; not even for MERCHANTABILITY or FITNESS FOR A PARTICULAR PURPOSE.

configure:11948: $? = 0
configure:11937: /home/liyan/mvapich2-1.8/bin/mpicxx -v >&5
mpicxx for MVAPICH2 version 1.8
Using built-in specs.
Target: x86_64-linux-gnu
Configured with: ../src/configure -v --with-pkgversion='Ubuntu 4.4.3-4ubuntu5.1' --with-bugurl=file:///usr/share/doc/gcc-4.4/README.Bugs --enable-languages=c,c++,fortran,objc,obj-c++ --prefix=/usr --enable-shared --enable-multiarch --enable-linker-build-id --with-system-zlib --libexecdir=/usr/lib --without-included-gettext --enable-threads=posix --with-gxx-include-dir=/usr/include/c++/4.4 --program-suffix=-4.4 --enable-nls --enable-clocale=gnu --enable-libstdcxx-debug --enable-plugin --enable-objc-gc --disable-werror --with-arch-32=i486 --with-tune=generic --enable-checking=release --build=x86_64-linux-gnu --host=x86_64-linux-gnu --target=x86_64-linux-gnu
Thread model: posix
gcc version 4.4.3 (Ubuntu 4.4.3-4ubuntu5.1) 
configure:11948: $? = 0
configure:11937: /home/liyan/mvapich2-1.8/bin/mpicxx -V >&5
c++: error trying to exec 'x86_64-linux-gnu-gcc--I/home/liyan/mvapich2-1.8/include': execvp: No such file or directory
configure:11948: $? = 0
configure:11937: /home/liyan/mvapich2-1.8/bin/mpicxx -qversion >&5
c++: unrecognized option '-qversion'
/usr/bin/ld: /usr/lib/debug/usr/lib/crt1.o(.debug_info): relocation 0 has invalid symbol index 11
/usr/bin/ld: /usr/lib/debug/usr/lib/crt1.o(.debug_info): relocation 1 has invalid symbol index 12
/usr/bin/ld: /usr/lib/debug/usr/lib/crt1.o(.debug_info): relocation 2 has invalid symbol index 2
/usr/bin/ld: /usr/lib/debug/usr/lib/crt1.o(.debug_info): relocation 3 has invalid symbol index 2
/usr/bin/ld: /usr/lib/debug/usr/lib/crt1.o(.debug_info): relocation 4 has invalid symbol index 11
/usr/bin/ld: /usr/lib/debug/usr/lib/crt1.o(.debug_info): relocation 5 has invalid symbol index 13
/usr/bin/ld: /usr/lib/debug/usr/lib/crt1.o(.debug_info): relocation 6 has invalid symbol index 13
/usr/bin/ld: /usr/lib/debug/usr/lib/crt1.o(.debug_info): relocation 7 has invalid symbol index 13
/usr/bin/ld: /usr/lib/debug/usr/lib/crt1.o(.debug_info): relocation 8 has invalid symbol index 2
... rest of stderr output deleted ...
configure:11948: $? = 1
configure:11952: checking whether we are using the GNU C++ compiler
configure:11980: result: yes
configure:11989: checking whether /home/liyan/mvapich2-1.8/bin/mpicxx accepts -g
configure:12050: result: yes
configure:12075: checking dependency style of /home/liyan/mvapich2-1.8/bin/mpicxx
configure:12185: result: gcc3
configure:12208: checking how to run the C++ preprocessor
configure:12235: /home/liyan/mvapich2-1.8/bin/mpicxx -E  conftest.cpp
configure:12235: $? = 0
configure:12249: /home/liyan/mvapich2-1.8/bin/mpicxx -E  conftest.cpp
conftest.cpp:23:28: error: ac_nonexistent.h: No such file or directory
configure:12249: $? = 1
configure: failed program was:
| /* confdefs.h */
| #define PACKAGE_NAME "vgpu"
| #define PACKAGE_TARNAME "vgpu"
| #define PACKAGE_VERSION "0"
| #define PACKAGE_STRING "vgpu 0"
| #define PACKAGE_BUGREPORT ""
| #define PACKAGE_URL ""
| #define PACKAGE "vgpu"
| #define VERSION "0"
| #define STDC_HEADERS 1
| #define HAVE_SYS_TYPES_H 1
| #define HAVE_SYS_STAT_H 1
| #define HAVE_STDLIB_H 1
| #define HAVE_STRING_H 1
| #define HAVE_MEMORY_H 1
| #define HAVE_STRINGS_H 1
| #define HAVE_INTTYPES_H 1
| #define HAVE_STDINT_H 1
| #define HAVE_UNISTD_H 1
| #define HAVE_DLFCN_H 1
| #define LT_OBJDIR ".libs/"
| /* end confdefs.h.  */
| #include <ac_nonexistent.h>
configure:12274: result: /home/liyan/mvapich2-1.8/bin/mpicxx -E
configure:12294: /home/liyan/mvapich2-1.8/bin/mpicxx -E  conftest.cpp
configure:12294: $? = 0
configure:12308: /home/liyan/mvapich2-1.8/bin/mpicxx -E  conftest.cpp
conftest.cpp:23:28: error: ac_nonexistent.h: No such file or directory
configure:12308: $? = 1
configure: failed program was:
| /* confdefs.h */
| #define PACKAGE_NAME "vgpu"
| #define PACKAGE_TARNAME "vgpu"
| #define PACKAGE_VERSION "0"
| #define PACKAGE_STRING "vgpu 0"
| #define PACKAGE_BUGREPORT ""
| #define PACKAGE_URL ""
| #define PACKAGE "vgpu"
| #define VERSION "0"
| #define STDC_HEADERS 1
| #define HAVE_SYS_TYPES_H 1
| #define HAVE_SYS_STAT_H 1
| #define HAVE_STDLIB_H 1
| #define HAVE_STRING_H 1
| #define HAVE_MEMORY_H 1
| #define HAVE_STRINGS_H 1
| #define HAVE_INTTYPES_H 1
| #define HAVE_STDINT_H 1
| #define HAVE_UNISTD_H 1
| #define HAVE_DLFCN_H 1
| #define LT_OBJDIR ".libs/"
| /* end confdefs.h.  */
| #include <ac_nonexistent.h>
configure:12476: checking for ld used by /home/liyan/mvapich2-1.8/bin/mpicxx
configure:12543: result: /usr/bin/ld -m elf_x86_64
configure:12550: checking if the linker (/usr/bin/ld -m elf_x86_64) is GNU ld
configure:12565: result: yes
configure:12620: checking whether the /home/liyan/mvapich2-1.8/bin/mpicxx linker (/usr/bin/ld -m elf_x86_64) supports shared libraries
configure:13533: result: yes
configure:13561: /home/liyan/mvapich2-1.8/bin/mpicxx -c -g -O2  conftest.cpp >&5
configure:13564: $? = 0
configure:13746: checking for /home/liyan/mvapich2-1.8/bin/mpicxx option to produce PIC
configure:14063: result: -fPIC -DPIC
configure:14072: checking if /home/liyan/mvapich2-1.8/bin/mpicxx PIC flag -fPIC -DPIC works
configure:14090: /home/liyan/mvapich2-1.8/bin/mpicxx -c -g -O2  -fPIC -DPIC -DPIC conftest.cpp >&5
configure:14094: $? = 0
configure:14107: result: yes
configure:14128: checking if /home/liyan/mvapich2-1.8/bin/mpicxx static flag -static works
configure:14156: result: yes
configure:14168: checking if /home/liyan/mvapich2-1.8/bin/mpicxx supports -c -o file.o
configure:14189: /home/liyan/mvapich2-1.8/bin/mpicxx -c -g -O2  -o out/conftest2.o conftest.cpp >&5
configure:14193: $? = 0
configure:14215: result: yes
configure:14220: checking if /home/liyan/mvapich2-1.8/bin/mpicxx supports -c -o file.o
configure:14267: result: yes
configure:14297: checking whether the /home/liyan/mvapich2-1.8/bin/mpicxx linker (/usr/bin/ld -m elf_x86_64) supports shared libraries
configure:14326: result: yes
configure:14463: checking dynamic linker characteristics
configure:14844: /home/liyan/mvapich2-1.8/bin/mpicxx -o conftest -g -O2   -Wl,-rpath -Wl,/foo conftest.cpp  >&5
configure:14844: $? = 0
configure:15074: result: GNU/Linux ld.so
configure:15125: checking how to hardcode library paths into programs
configure:15150: result: immediate
configure:15189: checking for ANSI C header files
configure:15293: result: yes
configure:15336: checking CL/opencl.h usability
configure:15336: /home/liyan/mvapich2-1.8/bin/mpicc -c -g -O2  -I/usr/local/cuda//include conftest.c >&5
configure:15336: $? = 0
configure:15336: result: yes
configure:15336: checking CL/opencl.h presence
configure:15336: /home/liyan/mvapich2-1.8/bin/mpicc -E  -I/usr/local/cuda//include conftest.c
configure:15336: $? = 0
configure:15336: result: yes
configure:15336: checking for CL/opencl.h
configure:15336: result: yes
configure:15344: checking for clGetPlatformIDs in -lOpenCL
configure:15369: /home/liyan/mvapich2-1.8/bin/mpicc -o conftest -g -O2  -I/usr/local/cuda//include  -L/usr/local/cuda//lib64 -L/usr/local/cuda//lib conftest.c -lOpenCL   >&5
configure:15369: $? = 0
configure:15378: result: yes
configure:15419: checking for /home/liyan/mvapich2-1.8/bin/mpicc option to accept ISO C99
configure:15568: /home/liyan/mvapich2-1.8/bin/mpicc  -c -g -O2  -I/usr/local/cuda//include -I/home/liyan/NVIDIA_GPU_Computing_SDK/shared/inc -I/home/liyan/NVIDIA_GPU_Computing_SDK/OpenCL/common/inc conftest.c >&5
conftest.c:75: error: expected ';', ',' or ')' before 'text'
conftest.c: In function 'main':
conftest.c:129: error: expected '=', ',', ';', 'asm' or '__attribute__' before 'newvar'
conftest.c:129: error: 'newvar' undeclared (first use in this function)
conftest.c:129: error: (Each undeclared identifier is reported only once
conftest.c:129: error: for each function it appears in.)
conftest.c:139: error: 'for' loop initial declarations are only allowed in C99 mode
conftest.c:139: note: use option -std=c99 or -std=gnu99 to compile your code
configure:15568: $? = 1
configure: failed program was:
| /* confdefs.h */
| #define PACKAGE_NAME "vgpu"
| #define PACKAGE_TARNAME "vgpu"
| #define PACKAGE_VERSION "0"
| #define PACKAGE_STRING "vgpu 0"
| #define PACKAGE_BUGREPORT ""
| #define PACKAGE_URL ""
| #define PACKAGE "vgpu"
| #define VERSION "0"
| #define STDC_HEADERS 1
| #define HAVE_SYS_TYPES_H 1
| #define HAVE_SYS_STAT_H 1
| #define HAVE_STDLIB_H 1
| #define HAVE_STRING_H 1
| #define HAVE_MEMORY_H 1
| #define HAVE_STRINGS_H 1
| #define HAVE_INTTYPES_H 1
| #define HAVE_STDINT_H 1
| #define HAVE_UNISTD_H 1
| #define HAVE_DLFCN_H 1
| #define LT_OBJDIR ".libs/"
| #define STDC_HEADERS 1
| #define HAVE_LIBOPENCL 1
| /* end confdefs.h.  */
| #include <stdarg.h>
| #include <stdbool.h>
| #include <stdlib.h>
| #include <wchar.h>
| #include <stdio.h>
| 
| // Check varargs macros.  These examples are taken from C99 6.10.3.5.
| #define debug(...) fprintf (stderr, __VA_ARGS__)
| #define showlist(...) puts (#__VA_ARGS__)
| #define report(test,...) ((test) ? puts (#test) : printf (__VA_ARGS__))
| static void
| test_varargs_macros (void)
| {
|   int x = 1234;
|   int y = 5678;
|   debug ("Flag");
|   debug ("X = %d\n", x);
|   showlist (The first, second, and third items.);
|   report (x>y, "x is %d but y is %d", x, y);
| }
| 
| // Check long long types.
| #define BIG64 18446744073709551615ull
| #define BIG32 4294967295ul
| #define BIG_OK (BIG64 / BIG32 == 4294967297ull && BIG64 % BIG32 == 0)
| #if !BIG_OK
|   your preprocessor is broken;
| #endif
| #if BIG_OK
| #else
|   your preprocessor is broken;
| #endif
| static long long int bignum = -9223372036854775807LL;
| static unsigned long long int ubignum = BIG64;
| 
| struct incomplete_array
| {
|   int datasize;
|   double data[];
| };
| 
| struct named_init {
|   int number;
|   const wchar_t *name;
|   double average;
| };
| 
| typedef const char *ccp;
| 
| static inline int
| test_restrict (ccp restrict text)
| {
|   // See if C++-style comments work.
|   // Iterate through items via the restricted pointer.
|   // Also check for declarations in for loops.
|   for (unsigned int i = 0; *(text+i) != '\0'; ++i)
|     continue;
|   return 0;
| }
| 
| // Check varargs and va_copy.
| static void
| test_varargs (const char *format, ...)
| {
|   va_list args;
|   va_start (args, format);
|   va_list args_copy;
|   va_copy (args_copy, args);
| 
|   const char *str;
|   int number;
|   float fnumber;
| 
|   while (*format)
|     {
|       switch (*format++)
| 	{
| 	case 's': // string
| 	  str = va_arg (args_copy, const char *);
| 	  break;
| 	case 'd': // int
| 	  number = va_arg (args_copy, int);
| 	  break;
| 	case 'f': // float
| 	  fnumber = va_arg (args_copy, double);
| 	  break;
| 	default:
| 	  break;
| 	}
|     }
|   va_end (args_copy);
|   va_end (args);
| }
| 
| int
| main ()
| {
| 
|   // Check bool.
|   _Bool success = false;
| 
|   // Check restrict.
|   if (test_restrict ("String literal") == 0)
|     success = true;
|   char *restrict newvar = "Another string";
| 
|   // Check varargs.
|   test_varargs ("s, d' f .", "string", 65, 34.234);
|   test_varargs_macros ();
| 
|   // Check flexible array members.
|   struct incomplete_array *ia =
|     malloc (sizeof (struct incomplete_array) + (sizeof (double) * 10));
|   ia->datasize = 10;
|   for (int i = 0; i < ia->datasize; ++i)
|     ia->data[i] = i * 1.234;
| 
|   // Check named initializers.
|   struct named_init ni = {
|     .number = 34,
|     .name = L"Test wide string",
|     .average = 543.34343,
|   };
| 
|   ni.number = 58;
| 
|   int dynamic_array[ni.number];
|   dynamic_array[ni.number - 1] = 543;
| 
|   // work around unused variable warnings
|   return (!success || bignum == 0LL || ubignum == 0uLL || newvar[0] == 'x'
| 	  || dynamic_array[ni.number - 1] != 543);
| 
|   ;
|   return 0;
| }
configure:15568: /home/liyan/mvapich2-1.8/bin/mpicc -std=gnu99 -c -g -O2  -I/usr/local/cuda//include -I/home/liyan/NVIDIA_GPU_Computing_SDK/shared/inc -I/home/liyan/NVIDIA_GPU_Computing_SDK/OpenCL/common/inc conftest.c >&5
configure:15568: $? = 0
configure:15588: result: -std=gnu99
configure:15601: checking size of cl_platform_id
configure:15606: /home/liyan/mvapich2-1.8/bin/mpicc -std=gnu99 -o conftest -g -O2  -I/usr/local/cuda//include -I/home/liyan/NVIDIA_GPU_Computing_SDK/shared/inc -I/home/liyan/NVIDIA_GPU_Computing_SDK/OpenCL/common/inc  -L/usr/local/cuda//lib64 -L/usr/local/cuda//lib -L/home/liyan/NVIDIA_GPU_Computing_SDK/shared/lib -L/home/liyan/NVIDIA_GPU_Computing_SDK/OpenCL/common/lib conftest.c -lOpenCL  -lshrutil_x86_64 -loclUtil_x86_64 >&5
configure:15606: $? = 0
configure:15606: ./conftest
configure:15606: $? = 0
configure:15622: result: 8
configure:15636: checking size of cl_device_id
configure:15641: /home/liyan/mvapich2-1.8/bin/mpicc -std=gnu99 -o conftest -g -O2  -I/usr/local/cuda//include -I/home/liyan/NVIDIA_GPU_Computing_SDK/shared/inc -I/home/liyan/NVIDIA_GPU_Computing_SDK/OpenCL/common/inc  -L/usr/local/cuda//lib64 -L/usr/local/cuda//lib -L/home/liyan/NVIDIA_GPU_Computing_SDK/shared/lib -L/home/liyan/NVIDIA_GPU_Computing_SDK/OpenCL/common/lib conftest.c -lOpenCL  -lshrutil_x86_64 -loclUtil_x86_64 >&5
configure:15641: $? = 0
configure:15641: ./conftest
configure:15641: $? = 0
configure:15657: result: 8
configure:15671: checking size of cl_context
configure:15676: /home/liyan/mvapich2-1.8/bin/mpicc -std=gnu99 -o conftest -g -O2  -I/usr/local/cuda//include -I/home/liyan/NVIDIA_GPU_Computing_SDK/shared/inc -I/home/liyan/NVIDIA_GPU_Computing_SDK/OpenCL/common/inc  -L/usr/local/cuda//lib64 -L/usr/local/cuda//lib -L/home/liyan/NVIDIA_GPU_Computing_SDK/shared/lib -L/home/liyan/NVIDIA_GPU_Computing_SDK/OpenCL/common/lib conftest.c -lOpenCL  -lshrutil_x86_64 -loclUtil_x86_64 >&5
configure:15676: $? = 0
configure:15676: ./conftest
configure:15676: $? = 0
configure:15692: result: 8
configure:15706: checking size of cl_command_queue
configure:15711: /home/liyan/mvapich2-1.8/bin/mpicc -std=gnu99 -o conftest -g -O2  -I/usr/local/cuda//include -I/home/liyan/NVIDIA_GPU_Computing_SDK/shared/inc -I/home/liyan/NVIDIA_GPU_Computing_SDK/OpenCL/common/inc  -L/usr/local/cuda//lib64 -L/usr/local/cuda//lib -L/home/liyan/NVIDIA_GPU_Computing_SDK/shared/lib -L/home/liyan/NVIDIA_GPU_Computing_SDK/OpenCL/common/lib conftest.c -lOpenCL  -lshrutil_x86_64 -loclUtil_x86_64 >&5
configure:15711: $? = 0
configure:15711: ./conftest
configure:15711: $? = 0
configure:15727: result: 8
configure:15741: checking size of cl_mem
configure:15746: /home/liyan/mvapich2-1.8/bin/mpicc -std=gnu99 -o conftest -g -O2  -I/usr/local/cuda//include -I/home/liyan/NVIDIA_GPU_Computing_SDK/shared/inc -I/home/liyan/NVIDIA_GPU_Computing_SDK/OpenCL/common/inc  -L/usr/local/cuda//lib64 -L/usr/local/cuda//lib -L/home/liyan/NVIDIA_GPU_Computing_SDK/shared/lib -L/home/liyan/NVIDIA_GPU_Computing_SDK/OpenCL/common/lib conftest.c -lOpenCL  -lshrutil_x86_64 -loclUtil_x86_64 >&5
configure:15746: $? = 0
configure:15746: ./conftest
configure:15746: $? = 0
configure:15762: result: 8
configure:15776: checking size of cl_program
configure:15781: /home/liyan/mvapich2-1.8/bin/mpicc -std=gnu99 -o conftest -g -O2  -I/usr/local/cuda//include -I/home/liyan/NVIDIA_GPU_Computing_SDK/shared/inc -I/home/liyan/NVIDIA_GPU_Computing_SDK/OpenCL/common/inc  -L/usr/local/cuda//lib64 -L/usr/local/cuda//lib -L/home/liyan/NVIDIA_GPU_Computing_SDK/shared/lib -L/home/liyan/NVIDIA_GPU_Computing_SDK/OpenCL/common/lib conftest.c -lOpenCL  -lshrutil_x86_64 -loclUtil_x86_64 >&5
configure:15781: $? = 0
configure:15781: ./conftest
configure:15781: $? = 0
configure:15797: result: 8
configure:15811: checking size of cl_kernel
configure:15816: /home/liyan/mvapich2-1.8/bin/mpicc -std=gnu99 -o conftest -g -O2  -I/usr/local/cuda//include -I/home/liyan/NVIDIA_GPU_Computing_SDK/shared/inc -I/home/liyan/NVIDIA_GPU_Computing_SDK/OpenCL/common/inc  -L/usr/local/cuda//lib64 -L/usr/local/cuda//lib -L/home/liyan/NVIDIA_GPU_Computing_SDK/shared/lib -L/home/liyan/NVIDIA_GPU_Computing_SDK/OpenCL/common/lib conftest.c -lOpenCL  -lshrutil_x86_64 -loclUtil_x86_64 >&5
configure:15816: $? = 0
configure:15816: ./conftest
configure:15816: $? = 0
configure:15832: result: 8
configure:15846: checking size of cl_event
configure:15851: /home/liyan/mvapich2-1.8/bin/mpicc -std=gnu99 -o conftest -g -O2  -I/usr/local/cuda//include -I/home/liyan/NVIDIA_GPU_Computing_SDK/shared/inc -I/home/liyan/NVIDIA_GPU_Computing_SDK/OpenCL/common/inc  -L/usr/local/cuda//lib64 -L/usr/local/cuda//lib -L/home/liyan/NVIDIA_GPU_Computing_SDK/shared/lib -L/home/liyan/NVIDIA_GPU_Computing_SDK/OpenCL/common/lib conftest.c -lOpenCL  -lshrutil_x86_64 -loclUtil_x86_64 >&5
configure:15851: $? = 0
configure:15851: ./conftest
configure:15851: $? = 0
configure:15867: result: 8
configure:15881: checking size of cl_sampler
configure:15886: /home/liyan/mvapich2-1.8/bin/mpicc -std=gnu99 -o conftest -g -O2  -I/usr/local/cuda//include -I/home/liyan/NVIDIA_GPU_Computing_SDK/shared/inc -I/home/liyan/NVIDIA_GPU_Computing_SDK/OpenCL/common/inc  -L/usr/local/cuda//lib64 -L/usr/local/cuda//lib -L/home/liyan/NVIDIA_GPU_Computing_SDK/shared/lib -L/home/liyan/NVIDIA_GPU_Computing_SDK/OpenCL/common/lib conftest.c -lOpenCL  -lshrutil_x86_64 -loclUtil_x86_64 >&5
configure:15886: $? = 0
configure:15886: ./conftest
configure:15886: $? = 0
configure:15902: result: 8
configure:15916: checking size of uint8_t
configure:15921: /home/liyan/mvapich2-1.8/bin/mpicc -std=gnu99 -o conftest -g -O2  -I/usr/local/cuda//include -I/home/liyan/NVIDIA_GPU_Computing_SDK/shared/inc -I/home/liyan/NVIDIA_GPU_Computing_SDK/OpenCL/common/inc  -L/usr/local/cuda//lib64 -L/usr/local/cuda//lib -L/home/liyan/NVIDIA_GPU_Computing_SDK/shared/lib -L/home/liyan/NVIDIA_GPU_Computing_SDK/OpenCL/common/lib conftest.c -lOpenCL  -lshrutil_x86_64 -loclUtil_x86_64 >&5
configure:15921: $? = 0
configure:15921: ./conftest
configure:15921: $? = 0
configure:15936: result: 1
configure:15950: checking size of uint16_t
configure:15955: /home/liyan/mvapich2-1.8/bin/mpicc -std=gnu99 -o conftest -g -O2  -I/usr/local/cuda//include -I/home/liyan/NVIDIA_GPU_Computing_SDK/shared/inc -I/home/liyan/NVIDIA_GPU_Computing_SDK/OpenCL/common/inc  -L/usr/local/cuda//lib64 -L/usr/local/cuda//lib -L/home/liyan/NVIDIA_GPU_Computing_SDK/shared/lib -L/home/liyan/NVIDIA_GPU_Computing_SDK/OpenCL/common/lib conftest.c -lOpenCL  -lshrutil_x86_64 -loclUtil_x86_64 >&5
configure:15955: $? = 0
configure:15955: ./conftest
configure:15955: $? = 0
configure:15970: result: 2
configure:15984: checking size of uint32_t
configure:15989: /home/liyan/mvapich2-1.8/bin/mpicc -std=gnu99 -o conftest -g -O2  -I/usr/local/cuda//include -I/home/liyan/NVIDIA_GPU_Computing_SDK/shared/inc -I/home/liyan/NVIDIA_GPU_Computing_SDK/OpenCL/common/inc  -L/usr/local/cuda//lib64 -L/usr/local/cuda//lib -L/home/liyan/NVIDIA_GPU_Computing_SDK/shared/lib -L/home/liyan/NVIDIA_GPU_Computing_SDK/OpenCL/common/lib conftest.c -lOpenCL  -lshrutil_x86_64 -loclUtil_x86_64 >&5
configure:15989: $? = 0
configure:15989: ./conftest
configure:15989: $? = 0
configure:16004: result: 4
configure:16018: checking size of uint64_t
configure:16023: /home/liyan/mvapich2-1.8/bin/mpicc -std=gnu99 -o conftest -g -O2  -I/usr/local/cuda//include -I/home/liyan/NVIDIA_GPU_Computing_SDK/shared/inc -I/home/liyan/NVIDIA_GPU_Computing_SDK/OpenCL/common/inc  -L/usr/local/cuda//lib64 -L/usr/local/cuda//lib -L/home/liyan/NVIDIA_GPU_Computing_SDK/shared/lib -L/home/liyan/NVIDIA_GPU_Computing_SDK/OpenCL/common/lib conftest.c -lOpenCL  -lshrutil_x86_64 -loclUtil_x86_64 >&5
configure:16023: $? = 0
configure:16023: ./conftest
configure:16023: $? = 0
configure:16038: result: 8
configure:16171: checking size of CONTROL_MSG_UNION
configure:16176: /home/liyan/mvapich2-1.8/bin/mpicc -std=gnu99 -o conftest -g -O2  -I/usr/local/cuda//include -I/home/liyan/NVIDIA_GPU_Computing_SDK/shared/inc -I/home/liyan/NVIDIA_GPU_Computing_SDK/OpenCL/common/inc  -L/usr/local/cuda//lib64 -L/usr/local/cuda//lib -L/home/liyan/NVIDIA_GPU_Computing_SDK/shared/lib -L/home/liyan/NVIDIA_GPU_Computing_SDK/OpenCL/common/lib conftest.c -lOpenCL  -lshrutil_x86_64 -loclUtil_x86_64 >&5
configure:16176: $? = 0
configure:16176: ./conftest
configure:16176: $? = 0
configure:16192: result: 112
configure:16393: creating ./config.status

## ---------------------- ##
## Running config.status. ##
## ---------------------- ##

This file was extended by vgpu config.status 0, which was
generated by GNU Autoconf 2.65.  Invocation command line was

  CONFIG_FILES    = 
  CONFIG_HEADERS  = 
  CONFIG_LINKS    = 
  CONFIG_COMMANDS = 
  $ ./config.status 

on bb48

config.status:1067: creating Makefile
config.status:1067: creating src/voclStructures.h
config.status:1067: creating src/vocl_proxy_macro.h
config.status:1230: executing depfiles commands
config.status:1230: executing libtool commands

## ---------------- ##
## Cache variables. ##
## ---------------- ##

ac_cv_build=x86_64-unknown-linux-gnu
ac_cv_c_compiler_gnu=yes
ac_cv_cxx_compiler_gnu=yes
ac_cv_env_CCC_set=
ac_cv_env_CCC_value=
ac_cv_env_CC_set=set
ac_cv_env_CC_value=/home/liyan/mvapich2-1.8/bin/mpicc
ac_cv_env_CFLAGS_set=
ac_cv_env_CFLAGS_value=
ac_cv_env_CPPFLAGS_set=
ac_cv_env_CPPFLAGS_value=
ac_cv_env_CPP_set=
ac_cv_env_CPP_value=
ac_cv_env_CXXCPP_set=
ac_cv_env_CXXCPP_value=
ac_cv_env_CXXFLAGS_set=
ac_cv_env_CXXFLAGS_value=
ac_cv_env_CXX_set=set
ac_cv_env_CXX_value=/home/liyan/mvapich2-1.8/bin/mpicxx
ac_cv_env_LDFLAGS_set=
ac_cv_env_LDFLAGS_value=
ac_cv_env_LIBS_set=
ac_cv_env_LIBS_value=
ac_cv_env_build_alias_set=
ac_cv_env_build_alias_value=
ac_cv_env_host_alias_set=
ac_cv_env_host_alias_value=
ac_cv_env_target_alias_set=
ac_cv_env_target_alias_value=
ac_cv_header_CL_opencl_h=yes
ac_cv_header_dlfcn_h=yes
ac_cv_header_inttypes_h=yes
ac_cv_header_memory_h=yes
ac_cv_header_stdc=yes
ac_cv_header_stdint_h=yes
ac_cv_header_stdlib_h=yes
ac_cv_header_string_h=yes
ac_cv_header_strings_h=yes
ac_cv_header_sys_stat_h=yes
ac_cv_header_sys_types_h=yes
ac_cv_header_unistd_h=yes
ac_cv_host=x86_64-unknown-linux-gnu
ac_cv_lib_OpenCL_clGetPlatformIDs=yes
ac_cv_objext=o
ac_cv_path_EGREP='/bin/grep -E'
ac_cv_path_FGREP='/bin/grep -F'
ac_cv_path_GREP=/bin/grep
ac_cv_path_SED=/bin/sed
ac_cv_path_install='/usr/bin/install -c'
ac_cv_path_mkdir=/bin/mkdir
ac_cv_prog_AWK=mawk
ac_cv_prog_CPP='/home/liyan/mvapich2-1.8/bin/mpicc -E'
ac_cv_prog_CXXCPP='/home/liyan/mvapich2-1.8/bin/mpicxx -E'
ac_cv_prog_ac_ct_AR=ar
ac_cv_prog_ac_ct_CC=/home/liyan/mvapich2-1.8/bin/mpicc
ac_cv_prog_ac_ct_OBJDUMP=objdump
ac_cv_prog_ac_ct_RANLIB=ranlib
ac_cv_prog_ac_ct_STRIP=strip
ac_cv_prog_cc_c89=
ac_cv_prog_cc_c99=-std=gnu99
ac_cv_prog_cc_g=yes
ac_cv_prog_cxx_g=yes
ac_cv_prog_make_make_set=yes
ac_cv_sizeof_CONTROL_MSG_UNION=112
ac_cv_sizeof_cl_command_queue=8
ac_cv_sizeof_cl_context=8
ac_cv_sizeof_cl_device_id=8
ac_cv_sizeof_cl_event=8
ac_cv_sizeof_cl_kernel=8
ac_cv_sizeof_cl_mem=8
ac_cv_sizeof_cl_platform_id=8
ac_cv_sizeof_cl_program=8
ac_cv_sizeof_cl_sampler=8
ac_cv_sizeof_uint16_t=2
ac_cv_sizeof_uint32_t=4
ac_cv_sizeof_uint64_t=8
ac_cv_sizeof_uint8_t=1
am_cv_CC_dependencies_compiler_type=gcc3
am_cv_CXX_dependencies_compiler_type=gcc3
lt_cv_deplibs_check_method=pass_all
lt_cv_file_magic_cmd='$MAGIC_CMD'
lt_cv_file_magic_test_file=
lt_cv_ld_reload_flag=-r
lt_cv_nm_interface='BSD nm'
lt_cv_objdir=.libs
lt_cv_path_LD=/usr/bin/ld
lt_cv_path_LDCXX='/usr/bin/ld -m elf_x86_64'
lt_cv_path_NM='/usr/bin/nm -B'
lt_cv_prog_compiler_c_o=yes
lt_cv_prog_compiler_c_o_CXX=yes
lt_cv_prog_compiler_pic_works=yes
lt_cv_prog_compiler_pic_works_CXX=yes
lt_cv_prog_compiler_rtti_exceptions=no
lt_cv_prog_compiler_static_works=yes
lt_cv_prog_compiler_static_works_CXX=yes
lt_cv_prog_gnu_ld=yes
lt_cv_prog_gnu_ldcxx=yes
lt_cv_sys_global_symbol_pipe='sed -n -e '\''s/^.*[	 ]\([ABCDGIRSTW][ABCDGIRSTW]*\)[	 ][	 ]*\([_A-Za-z][_A-Za-z0-9]*\)$/\1 \2 \2/p'\'''
lt_cv_sys_global_symbol_to_c_name_address='sed -n -e '\''s/^: \([^ ]*\) $/  {\"\1\", (void *) 0},/p'\'' -e '\''s/^[ABCDGIRSTW]* \([^ ]*\) \([^ ]*\)$/  {"\2", (void *) \&\2},/p'\'''
lt_cv_sys_global_symbol_to_c_name_address_lib_prefix='sed -n -e '\''s/^: \([^ ]*\) $/  {\"\1\", (void *) 0},/p'\'' -e '\''s/^[ABCDGIRSTW]* \([^ ]*\) \(lib[^ ]*\)$/  {"\2", (void *) \&\2},/p'\'' -e '\''s/^[ABCDGIRSTW]* \([^ ]*\) \([^ ]*\)$/  {"lib\2", (void *) \&\2},/p'\'''
lt_cv_sys_global_symbol_to_cdecl='sed -n -e '\''s/^T .* \(.*\)$/extern int \1();/p'\'' -e '\''s/^[ABCDGIRSTW]* .* \(.*\)$/extern char \1;/p'\'''
lt_cv_sys_max_cmd_len=1572864

## ----------------- ##
## Output variables. ##
## ----------------- ##

ACLOCAL='${SHELL} /home/liyan/vocl-ib/vocl/m4/missing --run aclocal-1.11'
AMDEPBACKSLASH='\'
AMDEP_FALSE='#'
AMDEP_TRUE=''
AMTAR='${SHELL} /home/liyan/vocl-ib/vocl/m4/missing --run tar'
AM_BACKSLASH='\'
AM_DEFAULT_VERBOSITY='0'
AR='ar'
AUTOCONF='${SHELL} /home/liyan/vocl-ib/vocl/m4/missing --run autoconf'
AUTOHEADER='${SHELL} /home/liyan/vocl-ib/vocl/m4/missing --run autoheader'
AUTOMAKE='${SHELL} /home/liyan/vocl-ib/vocl/m4/missing --run automake-1.11'
AWK='mawk'
CC='/home/liyan/mvapich2-1.8/bin/mpicc -std=gnu99'
CCDEPMODE='depmode=gcc3'
CFLAGS='-g -O2'
CPP='/home/liyan/mvapich2-1.8/bin/mpicc -E'
CPPFLAGS=' -I/usr/local/cuda//include -I/home/liyan/NVIDIA_GPU_Computing_SDK/shared/inc -I/home/liyan/NVIDIA_GPU_Computing_SDK/OpenCL/common/inc'
CXX='/home/liyan/mvapich2-1.8/bin/mpicxx'
CXXCPP='/home/liyan/mvapich2-1.8/bin/mpicxx -E'
CXXDEPMODE='depmode=gcc3'
CXXFLAGS='-g -O2'
CYGPATH_W='echo'
DEFS='-DPACKAGE_NAME=\"vgpu\" -DPACKAGE_TARNAME=\"vgpu\" -DPACKAGE_VERSION=\"0\" -DPACKAGE_STRING=\"vgpu\ 0\" -DPACKAGE_BUGREPORT=\"\" -DPACKAGE_URL=\"\" -DPACKAGE=\"vgpu\" -DVERSION=\"0\" -DSTDC_HEADERS=1 -DHAVE_SYS_TYPES_H=1 -DHAVE_SYS_STAT_H=1 -DHAVE_STDLIB_H=1 -DHAVE_STRING_H=1 -DHAVE_MEMORY_H=1 -DHAVE_STRINGS_H=1 -DHAVE_INTTYPES_H=1 -DHAVE_STDINT_H=1 -DHAVE_UNISTD_H=1 -DHAVE_DLFCN_H=1 -DLT_OBJDIR=\".libs/\" -DSTDC_HEADERS=1 -DHAVE_LIBOPENCL=1 -DSIZEOF_CL_PLATFORM_ID=8 -DSIZEOF_CL_DEVICE_ID=8 -DSIZEOF_CL_CONTEXT=8 -DSIZEOF_CL_COMMAND_QUEUE=8 -DSIZEOF_CL_MEM=8 -DSIZEOF_CL_PROGRAM=8 -DSIZEOF_CL_KERNEL=8 -DSIZEOF_CL_EVENT=8 -DSIZEOF_CL_SAMPLER=8 -DSIZEOF_UINT8_T=1 -DSIZEOF_UINT16_T=2 -DSIZEOF_UINT32_T=4 -DSIZEOF_UINT64_T=8 -DSIZEOF_CONTROL_MSG_UNION=112'
DEPDIR='.deps'
DSYMUTIL=''
DUMPBIN=''
ECHO_C=''
ECHO_N='-n'
ECHO_T=''
EGREP='/bin/grep -E'
EXEEXT=''
FGREP='/bin/grep -F'
GREP='/bin/grep'
INSTALL_DATA='${INSTALL} -m 644'
INSTALL_PROGRAM='${INSTALL}'
INSTALL_SCRIPT='${INSTALL}'
INSTALL_STRIP_PROGRAM='$(install_sh) -c -s'
LD='/usr/bin/ld -m elf_x86_64'
LDFLAGS=' -L/usr/local/cuda//lib64 -L/usr/local/cuda//lib -L/home/liyan/NVIDIA_GPU_Computing_SDK/shared/lib -L/home/liyan/NVIDIA_GPU_Computing_SDK/OpenCL/common/lib'
LIBOBJS=''
LIBS='-lOpenCL  -lshrutil_x86_64 -loclUtil_x86_64'
LIBTOOL='$(SHELL) $(top_builddir)/libtool'
LIPO=''
LN_S='ln -s'
LTLIBOBJS=''
MAKEINFO='${SHELL} /home/liyan/vocl-ib/vocl/m4/missing --run makeinfo'
MKDIR_P='/bin/mkdir -p'
NM='/usr/bin/nm -B'
NMEDIT=''
OBJDUMP='objdump'
OBJEXT='o'
OTOOL64=''
OTOOL=''
PACKAGE='vgpu'
PACKAGE_BUGREPORT=''
PACKAGE_NAME='vgpu'
PACKAGE_STRING='vgpu 0'
PACKAGE_TARNAME='vgpu'
PACKAGE_URL=''
PACKAGE_VERSION='0'
PATH_SEPARATOR=':'
RANLIB='ranlib'
SED='/bin/sed'
SET_MAKE=''
SHELL='/bin/bash'
STRIP='strip'
VERSION='0'
abs_srcdir='/home/liyan/vocl-ib/vocl'
ac_ct_CC='/home/liyan/mvapich2-1.8/bin/mpicc'
ac_ct_CXX=''
ac_ct_DUMPBIN=''
am__EXEEXT_FALSE=''
am__EXEEXT_TRUE='#'
am__fastdepCC_FALSE='#'
am__fastdepCC_TRUE=''
am__fastdepCXX_FALSE='#'
am__fastdepCXX_TRUE=''
am__include='include'
am__isrc=''
am__leading_dot='.'
am__quote=''
am__tar='${AMTAR} chof - "$$tardir"'
am__untar='${AMTAR} xf -'
bindir='${exec_prefix}/bin'
build='x86_64-unknown-linux-gnu'
build_alias=''
build_cpu='x86_64'
build_os='linux-gnu'
build_vendor='unknown'
control_msg_size='112'
datadir='${datarootdir}'
datarootdir='${prefix}/share'
docdir='${datarootdir}/doc/${PACKAGE_TARNAME}'
dvidir='${docdir}'
exec_prefix='${prefix}'
host='x86_64-unknown-linux-gnu'
host_alias=''
host_cpu='x86_64'
host_os='linux-gnu'
host_vendor='unknown'
htmldir='${docdir}'
includedir='${prefix}/include'
infodir='${datarootdir}/info'
install_sh='${SHELL} /home/liyan/vocl-ib/vocl/m4/install-sh'
libdir='${exec_prefix}/lib'
libexecdir='${exec_prefix}/libexec'
localedir='${datarootdir}/locale'
localstatedir='${prefix}/var'
lt_ECHO='echo'
mandir='${datarootdir}/man'
mkdir_p='/bin/mkdir -p'
oldincludedir='/usr/include'
pdfdir='${docdir}'
prefix='/home/liyan/vocl-ib/vocl_lib'
program_transform_name='s,x,x,'
psdir='${docdir}'
sbindir='${exec_prefix}/sbin'
sharedstatedir='${prefix}/com'
sysconfdir='${prefix}/etc'
target_alias=''
top_srcdir=''
vocl_command_queue='uint64_t'
vocl_context='uint64_t'
vocl_device_id='uint64_t'
vocl_event='uint64_t'
vocl_kernel='uint64_t'
vocl_mem='uint64_t'
vocl_platform_id='uint64_t'
vocl_program='uint64_t'
vocl_rebalance='0'
vocl_sampler='uint64_t'

## ----------- ##
## confdefs.h. ##
## ----------- ##

/* confdefs.h */
#define PACKAGE_NAME "vgpu"
#define PACKAGE_TARNAME "vgpu"
#define PACKAGE_VERSION "0"
#define PACKAGE_STRING "vgpu 0"
#define PACKAGE_BUGREPORT ""
#define PACKAGE_URL ""
#define PACKAGE "vgpu"
#define VERSION "0"
#define STDC_HEADERS 1
#define HAVE_SYS_TYPES_H 1
#define HAVE_SYS_STAT_H 1
#define HAVE_STDLIB_H 1
#define HAVE_STRING_H 1
#define HAVE_MEMORY_H 1
#define HAVE_STRINGS_H 1
#define HAVE_INTTYPES_H 1
#define HAVE_STDINT_H 1
#define HAVE_UNISTD_H 1
#define HAVE_DLFCN_H 1
#define LT_OBJDIR ".libs/"
#define STDC_HEADERS 1
#define HAVE_LIBOPENCL 1
#define SIZEOF_CL_PLATFORM_ID 8
#define SIZEOF_CL_DEVICE_ID 8
#define SIZEOF_CL_CONTEXT 8
#define SIZEOF_CL_COMMAND_QUEUE 8
#define SIZEOF_CL_MEM 8
#define SIZEOF_CL_PROGRAM 8
#define SIZEOF_CL_KERNEL 8
#define SIZEOF_CL_EVENT 8
#define SIZEOF_CL_SAMPLER 8
#define SIZEOF_UINT8_T 1
#define SIZEOF_UINT16_T 2
#define SIZEOF_UINT32_T 4
#define SIZEOF_UINT64_T 8
#define SIZEOF_CONTROL_MSG_UNION 112

configure: exit 0
