This file contains any messages produced by compilers while
running configure, to aid debugging if configure makes a mistake.

It was created by SHOC configure 1.0, which was
generated by GNU Autoconf 2.65.  Invocation command line was

  $ ./configure CPPFLAGS=-I/usr/local/cuda/include --with-opencl --with-cuda

## --------- ##
## Platform. ##
## --------- ##

hostname = user12
uname -m = x86_64
uname -r = 2.6.32-24-server
uname -s = Linux
uname -v = #43-Ubuntu SMP Thu Sep 16 16:05:42 UTC 2010

/usr/bin/uname -p = unknown
/bin/uname -X     = unknown

/bin/arch              = unknown
/usr/bin/arch -k       = unknown
/usr/convex/getsysinfo = unknown
/usr/bin/hostinfo      = unknown
/bin/machine           = unknown
/usr/bin/oslevel       = unknown
/bin/universe          = unknown

PATH: /usr/local/sbin
PATH: /usr/local/bin
PATH: /usr/sbin
PATH: /usr/bin
PATH: /sbin
PATH: /bin
PATH: /usr/games


## ----------- ##
## Core tests. ##
## ----------- ##

configure:2247: checking build system type
configure:2261: result: x86_64-unknown-linux-gnu
configure:2281: checking host system type
configure:2294: result: x86_64-unknown-linux-gnu
configure:2383: checking for g++
configure:2413: result: no
configure:2383: checking for c++
configure:2413: result: no
configure:2383: checking for gpp
configure:2413: result: no
configure:2383: checking for aCC
configure:2413: result: no
configure:2383: checking for CC
configure:2413: result: no
configure:2383: checking for cxx
configure:2413: result: no
configure:2383: checking for cc++
configure:2413: result: no
configure:2383: checking for cl.exe
configure:2413: result: no
configure:2383: checking for FCC
configure:2413: result: no
configure:2383: checking for KCC
configure:2413: result: no
configure:2383: checking for RCC
configure:2413: result: no
configure:2383: checking for xlC_r
configure:2413: result: no
configure:2383: checking for xlC
configure:2413: result: no
configure:2437: checking for C++ compiler version
configure:2446: g++ --version >&5
./configure: line 2448: g++: command not found
configure:2457: $? = 127
configure:2446: g++ -v >&5
./configure: line 2448: g++: command not found
configure:2457: $? = 127
configure:2446: g++ -V >&5
./configure: line 2448: g++: command not found
configure:2457: $? = 127
configure:2446: g++ -qversion >&5
./configure: line 2448: g++: command not found
configure:2457: $? = 127
configure:2477: checking whether the C++ compiler works
configure:2499: g++  -I/usr/local/cuda/include  conftest.cpp  >&5
./configure: line 2501: g++: command not found
configure:2503: $? = 127
configure:2541: result: no
configure: failed program was:
| /* confdefs.h */
| #define PACKAGE_NAME "SHOC"
| #define PACKAGE_TARNAME "shoc"
| #define PACKAGE_VERSION "1.0"
| #define PACKAGE_STRING "SHOC 1.0"
| #define PACKAGE_BUGREPORT "shoc-help@email.ornl.gov"
| #define PACKAGE_URL ""
| /* end confdefs.h.  */
| 
| int
| main ()
| {
| 
|   ;
|   return 0;
| }
configure:2546: error: in `/home/scxiao/workplace/trunk/temp/shoc/shoc-1.01':
configure:2550: error: C++ compiler cannot create executables
See `config.log' for more details.

## ---------------- ##
## Cache variables. ##
## ---------------- ##

ac_cv_build=x86_64-unknown-linux-gnu
ac_cv_env_CCC_set=
ac_cv_env_CCC_value=
ac_cv_env_CC_set=
ac_cv_env_CC_value=
ac_cv_env_CFLAGS_set=
ac_cv_env_CFLAGS_value=
ac_cv_env_CPPFLAGS_set=set
ac_cv_env_CPPFLAGS_value=-I/usr/local/cuda/include
ac_cv_env_CXXCPP_set=
ac_cv_env_CXXCPP_value=
ac_cv_env_CXXFLAGS_set=
ac_cv_env_CXXFLAGS_value=
ac_cv_env_CXX_set=
ac_cv_env_CXX_value=
ac_cv_env_LDFLAGS_set=
ac_cv_env_LDFLAGS_value=
ac_cv_env_LIBS_set=
ac_cv_env_LIBS_value=
ac_cv_env_build_alias_set=
ac_cv_env_build_alias_value=
ac_cv_env_host_alias_set=
ac_cv_env_host_alias_value=
ac_cv_env_target_alias_set=
ac_cv_env_target_alias_value=
ac_cv_host=x86_64-unknown-linux-gnu

## ----------------- ##
## Output variables. ##
## ----------------- ##

ALLOCA=''
AR=''
CC=''
CFLAGS=''
CPPFLAGS='-I/usr/local/cuda/include'
CUDA_CPPFLAGS=''
CUDA_INCDIR=''
CXX='g++'
CXXCPP=''
CXXFLAGS=''
DEFS=''
ECHO_C=''
ECHO_N='-n'
ECHO_T=''
EGREP=''
EXEEXT=''
GREP=''
LDFLAGS=''
LIBOBJS=''
LIBS=''
LTLIBOBJS=''
MPI_CXXFLAGS=''
MPI_LIBS=''
MPI_SUBDIRS=''
NVCC=''
OBJEXT=''
OPENCL_LIBS=''
PACKAGE_BUGREPORT='shoc-help@email.ornl.gov'
PACKAGE_NAME='SHOC'
PACKAGE_STRING='SHOC 1.0'
PACKAGE_TARNAME='shoc'
PACKAGE_URL=''
PACKAGE_VERSION='1.0'
PATH_SEPARATOR=':'
PERL=''
RANLIB=''
SHELL='/bin/bash'
SRC_SUBDIRS=''
USE_MPI=''
ac_ct_CC=''
ac_ct_CXX=''
bindir='${exec_prefix}/bin'
build='x86_64-unknown-linux-gnu'
build_alias=''
build_cpu='x86_64'
build_os='linux-gnu'
build_vendor='unknown'
datadir='${datarootdir}'
datarootdir='${prefix}/share'
docdir='${datarootdir}/doc/${PACKAGE_TARNAME}'
dvidir='${docdir}'
exec_prefix='NONE'
host='x86_64-unknown-linux-gnu'
host_alias=''
host_cpu='x86_64'
host_os='linux-gnu'
host_vendor='unknown'
htmldir='${docdir}'
includedir='${prefix}/include'
infodir='${datarootdir}/info'
libdir='${exec_prefix}/lib'
libexecdir='${exec_prefix}/libexec'
localedir='${datarootdir}/locale'
localstatedir='${prefix}/var'
mandir='${datarootdir}/man'
oldincludedir='/usr/include'
pdfdir='${docdir}'
prefix='NONE'
program_transform_name='s,x,x,'
psdir='${docdir}'
sbindir='${exec_prefix}/sbin'
sharedstatedir='${prefix}/com'
sysconfdir='${prefix}/etc'
target_alias=''

## ----------- ##
## confdefs.h. ##
## ----------- ##

/* confdefs.h */
#define PACKAGE_NAME "SHOC"
#define PACKAGE_TARNAME "shoc"
#define PACKAGE_VERSION "1.0"
#define PACKAGE_STRING "SHOC 1.0"
#define PACKAGE_BUGREPORT "shoc-help@email.ornl.gov"
#define PACKAGE_URL ""

configure: exit 77
